2025-11-17 09:44:38,995 - Epoch 1.0: {'eval_loss': 0.7026719450950623, 'eval_accuracy': 0.30434782608695654, 'eval_f1': 0.3378479824835783, 'eval_precision': 0.8640099037618121, 'eval_recall': 0.30434782608695654, 'eval_runtime': 0.636, 'eval_samples_per_second': 470.117, 'eval_steps_per_second': 4.717, 'epoch': 1.0}
2025-11-17 09:44:49,190 - Epoch 2.0: {'eval_loss': 0.7072637677192688, 'eval_accuracy': 0.2508361204013378, 'eval_f1': 0.26005649575443623, 'eval_precision': 0.8513803345473113, 'eval_recall': 0.2508361204013378, 'eval_runtime': 0.6162, 'eval_samples_per_second': 485.24, 'eval_steps_per_second': 4.869, 'epoch': 2.0}
2025-11-17 09:44:56,952 - Epoch 3.0: {'eval_loss': 0.71137934923172, 'eval_accuracy': 0.431438127090301, 'eval_f1': 0.5008596011940493, 'eval_precision': 0.8534013880580669, 'eval_recall': 0.431438127090301, 'eval_runtime': 0.6255, 'eval_samples_per_second': 478.007, 'eval_steps_per_second': 4.796, 'epoch': 3.0}
2025-11-17 09:45:04,266 - Epoch 4.0: {'eval_loss': 0.6982865929603577, 'eval_accuracy': 0.6254180602006689, 'eval_f1': 0.6891195891786095, 'eval_precision': 0.8261103772612725, 'eval_recall': 0.6254180602006689, 'eval_runtime': 0.5922, 'eval_samples_per_second': 504.921, 'eval_steps_per_second': 5.066, 'epoch': 4.0}
2025-11-17 09:45:10,938 - Epoch 5.0: {'eval_loss': 0.7050193548202515, 'eval_accuracy': 0.6254180602006689, 'eval_f1': 0.6889659498355151, 'eval_precision': 0.8214316341406642, 'eval_recall': 0.6254180602006688, 'eval_runtime': 0.639, 'eval_samples_per_second': 467.955, 'eval_steps_per_second': 4.695, 'epoch': 5.0}
2025-11-17 09:45:17,442 - Epoch 6.0: {'eval_loss': 0.6801483035087585, 'eval_accuracy': 0.6688963210702341, 'eval_f1': 0.7218898608512656, 'eval_precision': 0.8161530074017327, 'eval_recall': 0.6688963210702341, 'eval_runtime': 0.6219, 'eval_samples_per_second': 480.812, 'eval_steps_per_second': 4.824, 'epoch': 6.0}
2025-11-17 09:45:23,869 - Epoch 7.0: {'eval_loss': 0.6966032385826111, 'eval_accuracy': 0.6622073578595318, 'eval_f1': 0.7167937331732044, 'eval_precision': 0.8148659686391825, 'eval_recall': 0.6622073578595318, 'eval_runtime': 0.5967, 'eval_samples_per_second': 501.124, 'eval_steps_per_second': 5.028, 'epoch': 7.0}
2025-11-17 09:45:29,571 - Epoch 8.0: {'eval_loss': 0.6872151494026184, 'eval_accuracy': 0.6923076923076923, 'eval_f1': 0.7395355973813421, 'eval_precision': 0.8206889264581572, 'eval_recall': 0.6923076923076923, 'eval_runtime': 0.6848, 'eval_samples_per_second': 436.616, 'eval_steps_per_second': 4.381, 'epoch': 8.0}
2025-11-17 09:45:36,087 - Epoch 9.0: {'eval_loss': 0.729768693447113, 'eval_accuracy': 0.6655518394648829, 'eval_f1': 0.7193450198565288, 'eval_precision': 0.8155092733353603, 'eval_recall': 0.6655518394648829, 'eval_runtime': 0.6504, 'eval_samples_per_second': 459.686, 'eval_steps_per_second': 4.612, 'epoch': 9.0}
2025-11-17 09:45:43,225 - Epoch 10.0: {'eval_loss': 0.7701287269592285, 'eval_accuracy': 0.6555183946488294, 'eval_f1': 0.7121113811976677, 'eval_precision': 0.8179765886287625, 'eval_recall': 0.6555183946488294, 'eval_runtime': 0.555, 'eval_samples_per_second': 538.75, 'eval_steps_per_second': 5.406, 'epoch': 10.0}
2025-11-17 09:45:45,787 - Fold 1 Best F1: 0.7395355973813421
2025-11-17 09:45:49,556 - Epoch 1.0: {'eval_loss': 0.6948484182357788, 'eval_accuracy': 0.5016722408026756, 'eval_f1': 0.5801233559015604, 'eval_precision': 0.8185985666679626, 'eval_recall': 0.5016722408026756, 'eval_runtime': 0.5323, 'eval_samples_per_second': 561.711, 'eval_steps_per_second': 5.636, 'epoch': 1.0}
2025-11-17 09:45:55,427 - Epoch 2.0: {'eval_loss': 0.6966285109519958, 'eval_accuracy': 0.4916387959866221, 'eval_f1': 0.5689203758913702, 'eval_precision': 0.828620055015733, 'eval_recall': 0.4916387959866221, 'eval_runtime': 0.5438, 'eval_samples_per_second': 549.88, 'eval_steps_per_second': 5.517, 'epoch': 2.0}
2025-11-17 09:46:00,989 - Epoch 3.0: {'eval_loss': 0.7003732919692993, 'eval_accuracy': 0.5451505016722408, 'eval_f1': 0.6214061047012992, 'eval_precision': 0.8110367892976589, 'eval_recall': 0.5451505016722408, 'eval_runtime': 0.5354, 'eval_samples_per_second': 558.498, 'eval_steps_per_second': 5.604, 'epoch': 3.0}
2025-11-17 09:46:08,276 - Epoch 4.0: {'eval_loss': 0.6936360597610474, 'eval_accuracy': 0.6187290969899666, 'eval_f1': 0.6832153516204988, 'eval_precision': 0.8109786244001745, 'eval_recall': 0.6187290969899665, 'eval_runtime': 0.4873, 'eval_samples_per_second': 613.541, 'eval_steps_per_second': 6.156, 'epoch': 4.0}
2025-11-17 09:46:14,476 - Epoch 5.0: {'eval_loss': 0.6609320044517517, 'eval_accuracy': 0.7190635451505016, 'eval_f1': 0.7567416980772504, 'eval_precision': 0.8135245091766832, 'eval_recall': 0.7190635451505016, 'eval_runtime': 0.6352, 'eval_samples_per_second': 470.708, 'eval_steps_per_second': 4.723, 'epoch': 5.0}
2025-11-17 09:46:20,503 - Epoch 6.0: {'eval_loss': 0.6487180590629578, 'eval_accuracy': 0.7123745819397993, 'eval_f1': 0.7536630702994174, 'eval_precision': 0.820465063524257, 'eval_recall': 0.7123745819397993, 'eval_runtime': 0.6406, 'eval_samples_per_second': 466.736, 'eval_steps_per_second': 4.683, 'epoch': 6.0}
2025-11-17 09:46:26,468 - Epoch 7.0: {'eval_loss': 0.6376767158508301, 'eval_accuracy': 0.7290969899665551, 'eval_f1': 0.7658904422609527, 'eval_precision': 0.823925402422353, 'eval_recall': 0.7290969899665551, 'eval_runtime': 0.6232, 'eval_samples_per_second': 479.75, 'eval_steps_per_second': 4.814, 'epoch': 7.0}
2025-11-17 09:46:33,026 - Epoch 8.0: {'eval_loss': 0.6584499478340149, 'eval_accuracy': 0.7224080267558528, 'eval_f1': 0.7601099593538158, 'eval_precision': 0.8183739665148283, 'eval_recall': 0.7224080267558528, 'eval_runtime': 0.6636, 'eval_samples_per_second': 450.55, 'eval_steps_per_second': 4.521, 'epoch': 8.0}
2025-11-17 09:46:39,521 - Epoch 9.0: {'eval_loss': 0.659046471118927, 'eval_accuracy': 0.7424749163879598, 'eval_f1': 0.7746045538435437, 'eval_precision': 0.8226900894972146, 'eval_recall': 0.7424749163879598, 'eval_runtime': 0.4806, 'eval_samples_per_second': 622.097, 'eval_steps_per_second': 6.242, 'epoch': 9.0}
2025-11-17 09:46:45,659 - Epoch 10.0: {'eval_loss': 0.7281743288040161, 'eval_accuracy': 0.6923076923076923, 'eval_f1': 0.7388506032573829, 'eval_precision': 0.8164382434045355, 'eval_recall': 0.6923076923076923, 'eval_runtime': 0.5926, 'eval_samples_per_second': 504.567, 'eval_steps_per_second': 5.063, 'epoch': 10.0}
2025-11-17 09:46:47,786 - Fold 2 Best F1: 0.7746045538435437
2025-11-17 09:46:52,267 - Epoch 1.0: {'eval_loss': 0.6956305503845215, 'eval_accuracy': 0.46488294314381273, 'eval_f1': 0.5443755407897048, 'eval_precision': 0.8106837453406943, 'eval_recall': 0.46488294314381273, 'eval_runtime': 0.6636, 'eval_samples_per_second': 450.545, 'eval_steps_per_second': 4.521, 'epoch': 1.0}
2025-11-17 09:46:58,071 - Epoch 2.0: {'eval_loss': 0.7049466967582703, 'eval_accuracy': 0.34448160535117056, 'eval_f1': 0.4008567851189632, 'eval_precision': 0.8262080237291728, 'eval_recall': 0.34448160535117056, 'eval_runtime': 0.6744, 'eval_samples_per_second': 443.37, 'eval_steps_per_second': 4.449, 'epoch': 2.0}
2025-11-17 09:47:05,179 - Epoch 3.0: {'eval_loss': 0.7171452045440674, 'eval_accuracy': 0.4180602006688963, 'eval_f1': 0.49061077909973133, 'eval_precision': 0.8272532372866821, 'eval_recall': 0.4180602006688963, 'eval_runtime': 0.6618, 'eval_samples_per_second': 451.817, 'eval_steps_per_second': 4.533, 'epoch': 3.0}
2025-11-17 09:47:11,846 - Epoch 4.0: {'eval_loss': 0.6962443590164185, 'eval_accuracy': 0.6521739130434783, 'eval_f1': 0.7095218143337523, 'eval_precision': 0.8173443469723165, 'eval_recall': 0.6521739130434783, 'eval_runtime': 0.589, 'eval_samples_per_second': 507.655, 'eval_steps_per_second': 5.094, 'epoch': 4.0}
2025-11-17 09:47:18,282 - Epoch 5.0: {'eval_loss': 0.6906328797340393, 'eval_accuracy': 0.6655518394648829, 'eval_f1': 0.7193450198565288, 'eval_precision': 0.8155092733353603, 'eval_recall': 0.6655518394648829, 'eval_runtime': 0.5643, 'eval_samples_per_second': 529.902, 'eval_steps_per_second': 5.317, 'epoch': 5.0}
2025-11-17 09:47:24,974 - Epoch 6.0: {'eval_loss': 0.6699320077896118, 'eval_accuracy': 0.6755852842809364, 'eval_f1': 0.7263657298360593, 'eval_precision': 0.8131455309429634, 'eval_recall': 0.6755852842809364, 'eval_runtime': 0.641, 'eval_samples_per_second': 466.439, 'eval_steps_per_second': 4.68, 'epoch': 6.0}
2025-11-17 09:47:30,829 - Epoch 7.0: {'eval_loss': 0.6371898651123047, 'eval_accuracy': 0.7324414715719063, 'eval_f1': 0.767370757708922, 'eval_precision': 0.8205044593088072, 'eval_recall': 0.7324414715719063, 'eval_runtime': 0.5848, 'eval_samples_per_second': 511.274, 'eval_steps_per_second': 5.13, 'epoch': 7.0}
2025-11-17 09:47:37,675 - Epoch 8.0: {'eval_loss': 0.6330624222755432, 'eval_accuracy': 0.7424749163879598, 'eval_f1': 0.7746045538435437, 'eval_precision': 0.8226900894972146, 'eval_recall': 0.7424749163879598, 'eval_runtime': 0.5903, 'eval_samples_per_second': 506.527, 'eval_steps_per_second': 5.082, 'epoch': 8.0}
2025-11-17 09:47:43,717 - Epoch 9.0: {'eval_loss': 0.6445176005363464, 'eval_accuracy': 0.7424749163879598, 'eval_f1': 0.7746045538435437, 'eval_precision': 0.8226900894972146, 'eval_recall': 0.7424749163879598, 'eval_runtime': 0.5108, 'eval_samples_per_second': 585.312, 'eval_steps_per_second': 5.873, 'epoch': 9.0}
2025-11-17 09:47:49,592 - Epoch 10.0: {'eval_loss': 0.69087153673172, 'eval_accuracy': 0.6989966555183946, 'eval_f1': 0.7438071098571392, 'eval_precision': 0.8177689094494842, 'eval_recall': 0.6989966555183946, 'eval_runtime': 0.5059, 'eval_samples_per_second': 590.981, 'eval_steps_per_second': 5.93, 'epoch': 10.0}
2025-11-17 09:47:52,810 - Fold 3 Best F1: 0.7746045538435437
2025-11-17 09:47:57,336 - Epoch 1.0: {'eval_loss': 0.6935577988624573, 'eval_accuracy': 0.5351170568561873, 'eval_f1': 0.6121097767376322, 'eval_precision': 0.8142428403729871, 'eval_recall': 0.5351170568561873, 'eval_runtime': 0.6476, 'eval_samples_per_second': 461.699, 'eval_steps_per_second': 4.632, 'epoch': 1.0}
2025-11-17 09:48:02,840 - Epoch 2.0: {'eval_loss': 0.6890987753868103, 'eval_accuracy': 0.6555183946488294, 'eval_f1': 0.7121113811976677, 'eval_precision': 0.8179765886287625, 'eval_recall': 0.6555183946488294, 'eval_runtime': 0.5209, 'eval_samples_per_second': 573.972, 'eval_steps_per_second': 5.759, 'epoch': 2.0}
2025-11-17 09:48:09,712 - Epoch 3.0: {'eval_loss': 0.7103666663169861, 'eval_accuracy': 0.46153846153846156, 'eval_f1': 0.5379079476107671, 'eval_precision': 0.829232205702794, 'eval_recall': 0.46153846153846156, 'eval_runtime': 0.6751, 'eval_samples_per_second': 442.929, 'eval_steps_per_second': 4.444, 'epoch': 3.0}
2025-11-17 09:48:16,439 - Epoch 4.0: {'eval_loss': 0.7038013935089111, 'eval_accuracy': 0.5719063545150501, 'eval_f1': 0.6449506685232196, 'eval_precision': 0.8017004546237879, 'eval_recall': 0.5719063545150501, 'eval_runtime': 0.6016, 'eval_samples_per_second': 497.005, 'eval_steps_per_second': 4.987, 'epoch': 4.0}
2025-11-17 09:48:24,499 - Epoch 5.0: {'eval_loss': 0.6450870037078857, 'eval_accuracy': 0.7224080267558528, 'eval_f1': 0.7581282806709108, 'eval_precision': 0.8100929022668153, 'eval_recall': 0.7224080267558528, 'eval_runtime': 0.5977, 'eval_samples_per_second': 500.275, 'eval_steps_per_second': 5.019, 'epoch': 5.0}
2025-11-17 09:48:30,472 - Epoch 6.0: {'eval_loss': 0.6589198112487793, 'eval_accuracy': 0.6822742474916388, 'eval_f1': 0.7320076735507797, 'eval_precision': 0.818736386467259, 'eval_recall': 0.6822742474916388, 'eval_runtime': 0.542, 'eval_samples_per_second': 551.64, 'eval_steps_per_second': 5.535, 'epoch': 6.0}
2025-11-17 09:48:37,403 - Epoch 7.0: {'eval_loss': 0.6174403429031372, 'eval_accuracy': 0.7324414715719063, 'eval_f1': 0.767370757708922, 'eval_precision': 0.8205044593088072, 'eval_recall': 0.7324414715719063, 'eval_runtime': 0.5502, 'eval_samples_per_second': 543.453, 'eval_steps_per_second': 5.453, 'epoch': 7.0}
2025-11-17 09:48:43,690 - Epoch 8.0: {'eval_loss': 0.651123046875, 'eval_accuracy': 0.705685618729097, 'eval_f1': 0.7479343044924271, 'eval_precision': 0.8149174177199321, 'eval_recall': 0.705685618729097, 'eval_runtime': 0.6638, 'eval_samples_per_second': 450.412, 'eval_steps_per_second': 4.519, 'epoch': 8.0}
2025-11-17 09:48:50,040 - Epoch 9.0: {'eval_loss': 0.6638271808624268, 'eval_accuracy': 0.7190635451505016, 'eval_f1': 0.7576827609176578, 'eval_precision': 0.8176741805250336, 'eval_recall': 0.7190635451505016, 'eval_runtime': 0.6506, 'eval_samples_per_second': 459.592, 'eval_steps_per_second': 4.611, 'epoch': 9.0}
2025-11-17 09:48:55,558 - Epoch 10.0: {'eval_loss': 0.7339612245559692, 'eval_accuracy': 0.6588628762541806, 'eval_f1': 0.7137319202536594, 'eval_precision': 0.8098780446606534, 'eval_recall': 0.6588628762541806, 'eval_runtime': 0.6212, 'eval_samples_per_second': 481.294, 'eval_steps_per_second': 4.829, 'epoch': 10.0}
2025-11-17 09:48:57,652 - Fold 4 Best F1: 0.767370757708922
2025-11-17 09:49:02,023 - Epoch 1.0: {'eval_loss': 0.6958640813827515, 'eval_accuracy': 0.44481605351170567, 'eval_f1': 0.5241184336904802, 'eval_precision': 0.8059116982119169, 'eval_recall': 0.44481605351170567, 'eval_runtime': 0.6016, 'eval_samples_per_second': 497.026, 'eval_steps_per_second': 4.987, 'epoch': 1.0}
2025-11-17 09:49:08,589 - Epoch 2.0: {'eval_loss': 0.7086129188537598, 'eval_accuracy': 0.24414715719063546, 'eval_f1': 0.2570560057684747, 'eval_precision': 0.8126088745014576, 'eval_recall': 0.24414715719063546, 'eval_runtime': 0.5808, 'eval_samples_per_second': 514.826, 'eval_steps_per_second': 5.165, 'epoch': 2.0}
2025-11-17 09:49:14,572 - Epoch 3.0: {'eval_loss': 0.7237635254859924, 'eval_accuracy': 0.34782608695652173, 'eval_f1': 0.4005148760931107, 'eval_precision': 0.8477510351966874, 'eval_recall': 0.34782608695652173, 'eval_runtime': 0.5499, 'eval_samples_per_second': 543.71, 'eval_steps_per_second': 5.455, 'epoch': 3.0}
2025-11-17 09:49:20,108 - Epoch 4.0: {'eval_loss': 0.7040553092956543, 'eval_accuracy': 0.6187290969899666, 'eval_f1': 0.6832153516204988, 'eval_precision': 0.8109786244001745, 'eval_recall': 0.6187290969899665, 'eval_runtime': 0.5277, 'eval_samples_per_second': 566.589, 'eval_steps_per_second': 5.685, 'epoch': 4.0}
2025-11-17 09:49:25,198 - Epoch 5.0: {'eval_loss': 0.7083127498626709, 'eval_accuracy': 0.6321070234113713, 'eval_f1': 0.6938312894834634, 'eval_precision': 0.8135392205697479, 'eval_recall': 0.6321070234113713, 'eval_runtime': 0.5338, 'eval_samples_per_second': 560.169, 'eval_steps_per_second': 5.62, 'epoch': 5.0}
2025-11-17 09:49:31,382 - Epoch 6.0: {'eval_loss': 0.6566360592842102, 'eval_accuracy': 0.7190635451505016, 'eval_f1': 0.7585652740774332, 'eval_precision': 0.821835233615582, 'eval_recall': 0.7190635451505016, 'eval_runtime': 0.5186, 'eval_samples_per_second': 576.504, 'eval_steps_per_second': 5.784, 'epoch': 6.0}
2025-11-17 09:49:36,340 - Epoch 7.0: {'eval_loss': 0.6640855669975281, 'eval_accuracy': 0.7023411371237458, 'eval_f1': 0.746277979801449, 'eval_precision': 0.8184381756563075, 'eval_recall': 0.7023411371237458, 'eval_runtime': 0.4884, 'eval_samples_per_second': 612.176, 'eval_steps_per_second': 6.142, 'epoch': 7.0}
2025-11-17 09:49:41,739 - Epoch 8.0: {'eval_loss': 0.6428152918815613, 'eval_accuracy': 0.7324414715719063, 'eval_f1': 0.767370757708922, 'eval_precision': 0.8205044593088072, 'eval_recall': 0.7324414715719063, 'eval_runtime': 0.6676, 'eval_samples_per_second': 447.906, 'eval_steps_per_second': 4.494, 'epoch': 8.0}
2025-11-17 09:49:47,515 - Epoch 9.0: {'eval_loss': 0.6226258277893066, 'eval_accuracy': 0.7725752508361204, 'eval_f1': 0.7962036775866006, 'eval_precision': 0.8297099199825803, 'eval_recall': 0.7725752508361204, 'eval_runtime': 0.6522, 'eval_samples_per_second': 458.45, 'eval_steps_per_second': 4.6, 'epoch': 9.0}
2025-11-17 09:49:53,473 - Epoch 10.0: {'eval_loss': 0.6932013630867004, 'eval_accuracy': 0.7123745819397993, 'eval_f1': 0.7536630702994174, 'eval_precision': 0.820465063524257, 'eval_recall': 0.7123745819397993, 'eval_runtime': 0.5706, 'eval_samples_per_second': 523.967, 'eval_steps_per_second': 5.257, 'epoch': 10.0}
2025-11-17 09:49:57,243 - Fold 5 Best F1: 0.7962036775866006
2025-11-17 09:49:57,243 - CV Average Best F1: 0.7704638280727905
2025-11-17 09:50:05,762 - Epoch 1.0: {'eval_loss': 0.6992641687393188, 'eval_accuracy': 0.4165834165834166, 'eval_f1': 0.28012499093429644, 'eval_precision': 0.47704595496749697, 'eval_recall': 0.4165834165834166, 'eval_runtime': 3.9387, 'eval_samples_per_second': 508.293, 'eval_steps_per_second': 4.062, 'epoch': 1.0}
2025-11-17 09:50:16,070 - Epoch 2.0: {'eval_loss': 0.7014304995536804, 'eval_accuracy': 0.42207792207792205, 'eval_f1': 0.2887174782828102, 'eval_precision': 0.5127776462156368, 'eval_recall': 0.42207792207792205, 'eval_runtime': 4.0138, 'eval_samples_per_second': 498.777, 'eval_steps_per_second': 3.986, 'epoch': 2.0}
2025-11-17 09:50:26,097 - Epoch 3.0: {'eval_loss': 0.7100812792778015, 'eval_accuracy': 0.4260739260739261, 'eval_f1': 0.30066021136769905, 'eval_precision': 0.5256820634927457, 'eval_recall': 0.4260739260739261, 'eval_runtime': 3.9345, 'eval_samples_per_second': 508.836, 'eval_steps_per_second': 4.067, 'epoch': 3.0}
2025-11-17 09:50:35,806 - Epoch 4.0: {'eval_loss': 0.7189279198646545, 'eval_accuracy': 0.45904095904095904, 'eval_f1': 0.4191552406845185, 'eval_precision': 0.5254753584578788, 'eval_recall': 0.45904095904095904, 'eval_runtime': 3.9835, 'eval_samples_per_second': 502.573, 'eval_steps_per_second': 4.017, 'epoch': 4.0}
2025-11-17 09:50:47,916 - Epoch 5.0: {'eval_loss': 0.7321192622184753, 'eval_accuracy': 0.47652347652347654, 'eval_f1': 0.47890521646456236, 'eval_precision': 0.4996498189875224, 'eval_recall': 0.47652347652347654, 'eval_runtime': 3.9665, 'eval_samples_per_second': 504.73, 'eval_steps_per_second': 4.034, 'epoch': 5.0}
2025-11-17 09:50:59,002 - Epoch 6.0: {'eval_loss': 0.798569917678833, 'eval_accuracy': 0.471028971028971, 'eval_f1': 0.4714245190906045, 'eval_precision': 0.49860615353560833, 'eval_recall': 0.471028971028971, 'eval_runtime': 3.9953, 'eval_samples_per_second': 501.093, 'eval_steps_per_second': 4.005, 'epoch': 6.0}
2025-11-17 09:51:07,772 - Epoch 7.0: {'eval_loss': 0.8570950627326965, 'eval_accuracy': 0.48951048951048953, 'eval_f1': 0.49303966533147836, 'eval_precision': 0.5005105517667608, 'eval_recall': 0.48951048951048953, 'eval_runtime': 3.5168, 'eval_samples_per_second': 569.268, 'eval_steps_per_second': 4.55, 'epoch': 7.0}
2025-11-17 09:51:17,190 - Epoch 8.0: {'eval_loss': 0.9758756756782532, 'eval_accuracy': 0.481018981018981, 'eval_f1': 0.4848222100534395, 'eval_precision': 0.49626676524176067, 'eval_recall': 0.481018981018981, 'eval_runtime': 3.4566, 'eval_samples_per_second': 579.19, 'eval_steps_per_second': 4.629, 'epoch': 8.0}
2025-11-17 09:51:26,372 - Epoch 9.0: {'eval_loss': 1.0482432842254639, 'eval_accuracy': 0.4865134865134865, 'eval_f1': 0.4901043520222996, 'eval_precision': 0.4978634670942363, 'eval_recall': 0.4865134865134865, 'eval_runtime': 3.4798, 'eval_samples_per_second': 575.314, 'eval_steps_per_second': 4.598, 'epoch': 9.0}
2025-11-17 09:51:36,452 - Epoch 10.0: {'eval_loss': 1.1467124223709106, 'eval_accuracy': 0.4675324675324675, 'eval_f1': 0.4701184366320445, 'eval_precision': 0.48992426642094045, 'eval_recall': 0.4675324675324675, 'eval_runtime': 4.0594, 'eval_samples_per_second': 493.173, 'eval_steps_per_second': 3.941, 'epoch': 10.0}
2025-11-17 09:51:39,704 - Final Classification Report for ClariQ:
               precision    recall  f1-score   support

not ambiguous       0.24      0.43      0.31        37
    ambiguous       0.91      0.81      0.85       262

     accuracy                           0.76       299
    macro avg       0.57      0.62      0.58       299
 weighted avg       0.83      0.76      0.79       299

2025-11-17 09:51:39,704 - Final Validation Accuracy: 0.7591973244147158
2025-11-17 09:51:39,704 - Inference Time: 0.5891690254211426 seconds
2025-11-17 09:51:39,704 - Average Inference Time per Sample: 0.0019704649679636874 seconds
2025-11-17 09:51:43,642 - Final Classification Report for AmbigNQ:
               precision    recall  f1-score   support

not ambiguous       0.40      0.46      0.43       830
    ambiguous       0.57      0.51      0.54      1172

     accuracy                           0.49      2002
    macro avg       0.49      0.49      0.48      2002
 weighted avg       0.50      0.49      0.49      2002

2025-11-17 09:51:43,642 - Final Validation Accuracy: 0.48951048951048953
2025-11-17 09:51:43,642 - Inference Time: 3.933650016784668 seconds
2025-11-17 09:51:43,642 - Average Inference Time per Sample: 0.00196486014824409 seconds
