2025-11-16 14:05:38,854 - Epoch 1.0: {'eval_loss': 0.6369304060935974, 'eval_accuracy': 0.8762541806020067, 'eval_f1': 0.8184620153929617, 'eval_precision': 0.7678213890224942, 'eval_recall': 0.8762541806020067, 'eval_runtime': 0.5476, 'eval_samples_per_second': 546.024, 'eval_steps_per_second': 5.479, 'epoch': 1.0}
2025-11-16 14:05:44,284 - Epoch 2.0: {'eval_loss': 0.6808037757873535, 'eval_accuracy': 0.6454849498327759, 'eval_f1': 0.7006317354143441, 'eval_precision': 0.7858798563328855, 'eval_recall': 0.6454849498327759, 'eval_runtime': 0.4939, 'eval_samples_per_second': 605.363, 'eval_steps_per_second': 6.074, 'epoch': 2.0}
2025-11-16 14:05:51,306 - Epoch 3.0: {'eval_loss': 0.7358338832855225, 'eval_accuracy': 0.3511705685618729, 'eval_f1': 0.4047277908610556, 'eval_precision': 0.8484477011326402, 'eval_recall': 0.3511705685618729, 'eval_runtime': 0.5556, 'eval_samples_per_second': 538.121, 'eval_steps_per_second': 5.399, 'epoch': 3.0}
2025-11-16 14:05:56,478 - Epoch 4.0: {'eval_loss': 0.7367821931838989, 'eval_accuracy': 0.49498327759197325, 'eval_f1': 0.571331358387958, 'eval_precision': 0.8355018323733009, 'eval_recall': 0.49498327759197325, 'eval_runtime': 0.541, 'eval_samples_per_second': 552.653, 'eval_steps_per_second': 5.545, 'epoch': 4.0}
2025-11-16 14:05:58,643 - Fold 1 Best F1: 0.8184620153929617
2025-11-16 14:06:02,680 - Epoch 1.0: {'eval_loss': 0.7160094380378723, 'eval_accuracy': 0.13712374581939799, 'eval_f1': 0.09219681057252838, 'eval_precision': 0.5486999633680741, 'eval_recall': 0.13712374581939799, 'eval_runtime': 0.5531, 'eval_samples_per_second': 540.559, 'eval_steps_per_second': 5.424, 'epoch': 1.0}
2025-11-16 14:06:08,987 - Epoch 2.0: {'eval_loss': 0.7230240106582642, 'eval_accuracy': 0.13377926421404682, 'eval_f1': 0.05317232653678148, 'eval_precision': 0.7161558937956454, 'eval_recall': 0.13377926421404682, 'eval_runtime': 0.5167, 'eval_samples_per_second': 578.625, 'eval_steps_per_second': 5.806, 'epoch': 2.0}
2025-11-16 14:06:14,141 - Epoch 3.0: {'eval_loss': 0.7329404950141907, 'eval_accuracy': 0.25418060200668896, 'eval_f1': 0.2615566085830282, 'eval_precision': 0.872148985937242, 'eval_recall': 0.25418060200668896, 'eval_runtime': 0.5566, 'eval_samples_per_second': 537.211, 'eval_steps_per_second': 5.39, 'epoch': 3.0}
2025-11-16 14:06:23,436 - Epoch 4.0: {'eval_loss': 0.732787549495697, 'eval_accuracy': 0.43812709030100333, 'eval_f1': 0.5095826668605496, 'eval_precision': 0.8465311588699059, 'eval_recall': 0.43812709030100333, 'eval_runtime': 0.6627, 'eval_samples_per_second': 451.181, 'eval_steps_per_second': 4.527, 'epoch': 4.0}
2025-11-16 14:06:29,710 - Epoch 5.0: {'eval_loss': 0.7718629240989685, 'eval_accuracy': 0.46488294314381273, 'eval_f1': 0.537939704452193, 'eval_precision': 0.8508713254708677, 'eval_recall': 0.46488294314381273, 'eval_runtime': 0.5828, 'eval_samples_per_second': 513.009, 'eval_steps_per_second': 5.147, 'epoch': 5.0}
2025-11-16 14:06:36,309 - Epoch 6.0: {'eval_loss': 0.8713819980621338, 'eval_accuracy': 0.43812709030100333, 'eval_f1': 0.5081759246480164, 'eval_precision': 0.8544335820255552, 'eval_recall': 0.43812709030100333, 'eval_runtime': 0.6128, 'eval_samples_per_second': 487.939, 'eval_steps_per_second': 4.896, 'epoch': 6.0}
2025-11-16 14:06:43,413 - Epoch 7.0: {'eval_loss': 0.9731345176696777, 'eval_accuracy': 0.45484949832775917, 'eval_f1': 0.5261578793722206, 'eval_precision': 0.8569004358645994, 'eval_recall': 0.45484949832775917, 'eval_runtime': 0.6197, 'eval_samples_per_second': 482.467, 'eval_steps_per_second': 4.841, 'epoch': 7.0}
2025-11-16 14:06:49,132 - Epoch 8.0: {'eval_loss': 0.9809614419937134, 'eval_accuracy': 0.4916387959866221, 'eval_f1': 0.5671567637502195, 'eval_precision': 0.8413625133906611, 'eval_recall': 0.4916387959866221, 'eval_runtime': 0.5224, 'eval_samples_per_second': 572.412, 'eval_steps_per_second': 5.743, 'epoch': 8.0}
2025-11-16 14:06:55,221 - Epoch 9.0: {'eval_loss': 1.1453622579574585, 'eval_accuracy': 0.47491638795986624, 'eval_f1': 0.5483006833257721, 'eval_precision': 0.8523956533989978, 'eval_recall': 0.47491638795986624, 'eval_runtime': 0.617, 'eval_samples_per_second': 484.617, 'eval_steps_per_second': 4.862, 'epoch': 9.0}
2025-11-16 14:07:00,678 - Epoch 10.0: {'eval_loss': 1.1504589319229126, 'eval_accuracy': 0.49498327759197325, 'eval_f1': 0.5695449392419379, 'eval_precision': 0.8485194325913965, 'eval_recall': 0.49498327759197325, 'eval_runtime': 0.5084, 'eval_samples_per_second': 588.139, 'eval_steps_per_second': 5.901, 'epoch': 10.0}
2025-11-16 14:07:03,409 - Fold 2 Best F1: 0.5695449392419379
2025-11-16 14:07:07,731 - Epoch 1.0: {'eval_loss': 0.6956642270088196, 'eval_accuracy': 0.45819397993311034, 'eval_f1': 0.5386802350495762, 'eval_precision': 0.8030140533282026, 'eval_recall': 0.45819397993311034, 'eval_runtime': 0.6195, 'eval_samples_per_second': 482.685, 'eval_steps_per_second': 4.843, 'epoch': 1.0}
2025-11-16 14:07:14,406 - Epoch 2.0: {'eval_loss': 0.7046235203742981, 'eval_accuracy': 0.3612040133779264, 'eval_f1': 0.42351627100265676, 'eval_precision': 0.8214396163866727, 'eval_recall': 0.3612040133779264, 'eval_runtime': 0.6611, 'eval_samples_per_second': 452.265, 'eval_steps_per_second': 4.538, 'epoch': 2.0}
2025-11-16 14:07:19,710 - Epoch 3.0: {'eval_loss': 0.7386922836303711, 'eval_accuracy': 0.3210702341137124, 'eval_f1': 0.36333048427596976, 'eval_precision': 0.8537918417517081, 'eval_recall': 0.3210702341137124, 'eval_runtime': 0.6021, 'eval_samples_per_second': 496.56, 'eval_steps_per_second': 4.982, 'epoch': 3.0}
2025-11-16 14:07:26,101 - Epoch 4.0: {'eval_loss': 0.7495059967041016, 'eval_accuracy': 0.45484949832775917, 'eval_f1': 0.5332606045492179, 'eval_precision': 0.8146699416850859, 'eval_recall': 0.45484949832775917, 'eval_runtime': 0.6032, 'eval_samples_per_second': 495.667, 'eval_steps_per_second': 4.973, 'epoch': 4.0}
2025-11-16 14:07:28,612 - Fold 3 Best F1: 0.5386802350495762
2025-11-16 14:07:33,132 - Epoch 1.0: {'eval_loss': 0.7143712639808655, 'eval_accuracy': 0.14381270903010032, 'eval_f1': 0.1141255622860974, 'eval_precision': 0.560258437214959, 'eval_recall': 0.14381270903010032, 'eval_runtime': 0.6411, 'eval_samples_per_second': 466.397, 'eval_steps_per_second': 4.68, 'epoch': 1.0}
2025-11-16 14:07:39,137 - Epoch 2.0: {'eval_loss': 0.7167079448699951, 'eval_accuracy': 0.15384615384615385, 'eval_f1': 0.10213500749618702, 'eval_precision': 0.7158179848320694, 'eval_recall': 0.15384615384615385, 'eval_runtime': 0.6481, 'eval_samples_per_second': 461.331, 'eval_steps_per_second': 4.629, 'epoch': 2.0}
2025-11-16 14:07:44,968 - Epoch 3.0: {'eval_loss': 0.7392709851264954, 'eval_accuracy': 0.21739130434782608, 'eval_f1': 0.20316715131555896, 'eval_precision': 0.8636064867194656, 'eval_recall': 0.21739130434782608, 'eval_runtime': 0.5444, 'eval_samples_per_second': 549.243, 'eval_steps_per_second': 5.511, 'epoch': 3.0}
2025-11-16 14:07:50,391 - Epoch 4.0: {'eval_loss': 0.7658373713493347, 'eval_accuracy': 0.3511705685618729, 'eval_f1': 0.40010356301686684, 'eval_precision': 0.870993538585954, 'eval_recall': 0.3511705685618729, 'eval_runtime': 0.6328, 'eval_samples_per_second': 472.484, 'eval_steps_per_second': 4.741, 'epoch': 4.0}
2025-11-16 14:07:56,863 - Epoch 5.0: {'eval_loss': 0.7829616665840149, 'eval_accuracy': 0.431438127090301, 'eval_f1': 0.5008596011940493, 'eval_precision': 0.8534013880580669, 'eval_recall': 0.431438127090301, 'eval_runtime': 0.574, 'eval_samples_per_second': 520.931, 'eval_steps_per_second': 5.227, 'epoch': 5.0}
2025-11-16 14:08:02,146 - Epoch 6.0: {'eval_loss': 0.9206241965293884, 'eval_accuracy': 0.391304347826087, 'eval_f1': 0.4516421789105447, 'eval_precision': 0.8654400281025554, 'eval_recall': 0.3913043478260869, 'eval_runtime': 0.6086, 'eval_samples_per_second': 491.258, 'eval_steps_per_second': 4.929, 'epoch': 6.0}
2025-11-16 14:08:09,650 - Epoch 7.0: {'eval_loss': 0.9658568501472473, 'eval_accuracy': 0.43812709030100333, 'eval_f1': 0.5081759246480164, 'eval_precision': 0.8544335820255552, 'eval_recall': 0.43812709030100333, 'eval_runtime': 0.6683, 'eval_samples_per_second': 447.384, 'eval_steps_per_second': 4.489, 'epoch': 7.0}
2025-11-16 14:08:15,965 - Epoch 8.0: {'eval_loss': 1.02279531955719, 'eval_accuracy': 0.47157190635451507, 'eval_f1': 0.5459753984390266, 'eval_precision': 0.8447833572031, 'eval_recall': 0.47157190635451507, 'eval_runtime': 0.5416, 'eval_samples_per_second': 552.073, 'eval_steps_per_second': 5.539, 'epoch': 8.0}
2025-11-16 14:08:22,156 - Epoch 9.0: {'eval_loss': 1.131623387336731, 'eval_accuracy': 0.46488294314381273, 'eval_f1': 0.537939704452193, 'eval_precision': 0.8508713254708677, 'eval_recall': 0.46488294314381273, 'eval_runtime': 0.474, 'eval_samples_per_second': 630.855, 'eval_steps_per_second': 6.33, 'epoch': 9.0}
2025-11-16 14:08:27,293 - Epoch 10.0: {'eval_loss': 1.1523774862289429, 'eval_accuracy': 0.4882943143812709, 'eval_f1': 0.562886470541094, 'eval_precision': 0.8474790939000908, 'eval_recall': 0.4882943143812709, 'eval_runtime': 0.5571, 'eval_samples_per_second': 536.746, 'eval_steps_per_second': 5.385, 'epoch': 10.0}
2025-11-16 14:08:31,552 - Fold 4 Best F1: 0.562886470541094
2025-11-16 14:08:35,368 - Epoch 1.0: {'eval_loss': 0.697503924369812, 'eval_accuracy': 0.38461538461538464, 'eval_f1': 0.4581313433265863, 'eval_precision': 0.7960340162350212, 'eval_recall': 0.38461538461538464, 'eval_runtime': 0.5422, 'eval_samples_per_second': 551.475, 'eval_steps_per_second': 5.533, 'epoch': 1.0}
2025-11-16 14:08:41,947 - Epoch 2.0: {'eval_loss': 0.7148878574371338, 'eval_accuracy': 0.2140468227424749, 'eval_f1': 0.2059925282817948, 'eval_precision': 0.8124118444484577, 'eval_recall': 0.2140468227424749, 'eval_runtime': 0.5759, 'eval_samples_per_second': 519.226, 'eval_steps_per_second': 5.21, 'epoch': 2.0}
2025-11-16 14:08:47,893 - Epoch 3.0: {'eval_loss': 0.7421958446502686, 'eval_accuracy': 0.2842809364548495, 'eval_f1': 0.3095625710893613, 'eval_precision': 0.8600869294409165, 'eval_recall': 0.2842809364548495, 'eval_runtime': 0.5088, 'eval_samples_per_second': 587.61, 'eval_steps_per_second': 5.896, 'epoch': 3.0}
2025-11-16 14:08:53,379 - Epoch 4.0: {'eval_loss': 0.7546409368515015, 'eval_accuracy': 0.43812709030100333, 'eval_f1': 0.5122842627962463, 'eval_precision': 0.8315140576010142, 'eval_recall': 0.43812709030100333, 'eval_runtime': 0.5217, 'eval_samples_per_second': 573.088, 'eval_steps_per_second': 5.75, 'epoch': 4.0}
2025-11-16 14:08:59,679 - Epoch 5.0: {'eval_loss': 0.823466956615448, 'eval_accuracy': 0.43812709030100333, 'eval_f1': 0.5109521068331137, 'eval_precision': 0.8388964442913909, 'eval_recall': 0.43812709030100333, 'eval_runtime': 0.5518, 'eval_samples_per_second': 541.866, 'eval_steps_per_second': 5.437, 'epoch': 5.0}
2025-11-16 14:09:04,867 - Epoch 6.0: {'eval_loss': 0.8360268473625183, 'eval_accuracy': 0.4983277591973244, 'eval_f1': 0.5745924762085891, 'eval_precision': 0.8360926955730146, 'eval_recall': 0.4983277591973244, 'eval_runtime': 0.467, 'eval_samples_per_second': 640.202, 'eval_steps_per_second': 6.423, 'epoch': 6.0}
2025-11-16 14:09:10,286 - Epoch 7.0: {'eval_loss': 0.8847870826721191, 'eval_accuracy': 0.5016722408026756, 'eval_f1': 0.5786354006193454, 'eval_precision': 0.8304977396951702, 'eval_recall': 0.5016722408026756, 'eval_runtime': 0.5131, 'eval_samples_per_second': 582.745, 'eval_steps_per_second': 5.847, 'epoch': 7.0}
2025-11-16 14:09:15,835 - Epoch 8.0: {'eval_loss': 0.8974093198776245, 'eval_accuracy': 0.5217391304347826, 'eval_f1': 0.5989192316142831, 'eval_precision': 0.8225534220517497, 'eval_recall': 0.5217391304347826, 'eval_runtime': 0.6041, 'eval_samples_per_second': 494.94, 'eval_steps_per_second': 4.966, 'epoch': 8.0}
2025-11-16 14:09:22,369 - Epoch 9.0: {'eval_loss': 0.9281365275382996, 'eval_accuracy': 0.5250836120401338, 'eval_f1': 0.6025454645861161, 'eval_precision': 0.8176426570078253, 'eval_recall': 0.5250836120401338, 'eval_runtime': 0.5373, 'eval_samples_per_second': 556.452, 'eval_steps_per_second': 5.583, 'epoch': 9.0}
2025-11-16 14:09:27,325 - Epoch 10.0: {'eval_loss': 1.0093291997909546, 'eval_accuracy': 0.5250836120401338, 'eval_f1': 0.6001827640958076, 'eval_precision': 0.8406281808928312, 'eval_recall': 0.5250836120401338, 'eval_runtime': 0.4992, 'eval_samples_per_second': 598.901, 'eval_steps_per_second': 6.009, 'epoch': 10.0}
2025-11-16 14:09:29,530 - Fold 5 Best F1: 0.6025454645861161
2025-11-16 14:09:29,530 - CV Average Best F1: 0.6184238249623372
2025-11-16 14:09:37,654 - Epoch 1.0: {'eval_loss': 0.6999998092651367, 'eval_accuracy': 0.4140859140859141, 'eval_f1': 0.2667951351704955, 'eval_precision': 0.45844524204913956, 'eval_recall': 0.4140859140859141, 'eval_runtime': 3.8639, 'eval_samples_per_second': 518.123, 'eval_steps_per_second': 4.141, 'epoch': 1.0}
2025-11-16 14:09:48,391 - Epoch 2.0: {'eval_loss': 0.7070727348327637, 'eval_accuracy': 0.4155844155844156, 'eval_f1': 0.24949870428593834, 'eval_precision': 0.5133677043224781, 'eval_recall': 0.4155844155844156, 'eval_runtime': 3.7744, 'eval_samples_per_second': 530.411, 'eval_steps_per_second': 4.239, 'epoch': 2.0}
2025-11-16 14:10:00,260 - Epoch 3.0: {'eval_loss': 0.7287023663520813, 'eval_accuracy': 0.4150849150849151, 'eval_f1': 0.2484288541605914, 'eval_precision': 0.4911065830201943, 'eval_recall': 0.4150849150849151, 'eval_runtime': 3.751, 'eval_samples_per_second': 533.725, 'eval_steps_per_second': 4.266, 'epoch': 3.0}
2025-11-16 14:10:10,660 - Epoch 4.0: {'eval_loss': 0.773094117641449, 'eval_accuracy': 0.4255744255744256, 'eval_f1': 0.28382887593916506, 'eval_precision': 0.5633058401653442, 'eval_recall': 0.4255744255744256, 'eval_runtime': 3.6976, 'eval_samples_per_second': 541.431, 'eval_steps_per_second': 4.327, 'epoch': 4.0}
2025-11-16 14:10:20,555 - Epoch 5.0: {'eval_loss': 0.8773263096809387, 'eval_accuracy': 0.4340659340659341, 'eval_f1': 0.3117512267309838, 'eval_precision': 0.5659804769779194, 'eval_recall': 0.4340659340659341, 'eval_runtime': 3.7027, 'eval_samples_per_second': 540.686, 'eval_steps_per_second': 4.321, 'epoch': 5.0}
2025-11-16 14:10:30,436 - Epoch 6.0: {'eval_loss': 0.9881591200828552, 'eval_accuracy': 0.44155844155844154, 'eval_f1': 0.3351705095717072, 'eval_precision': 0.5663781251321968, 'eval_recall': 0.44155844155844154, 'eval_runtime': 3.7482, 'eval_samples_per_second': 534.122, 'eval_steps_per_second': 4.269, 'epoch': 6.0}
2025-11-16 14:10:40,981 - Epoch 7.0: {'eval_loss': 1.1776795387268066, 'eval_accuracy': 0.4370629370629371, 'eval_f1': 0.32388564300217004, 'eval_precision': 0.5603350426426558, 'eval_recall': 0.4370629370629371, 'eval_runtime': 3.8704, 'eval_samples_per_second': 517.26, 'eval_steps_per_second': 4.134, 'epoch': 7.0}
2025-11-16 14:10:50,290 - Epoch 8.0: {'eval_loss': 1.358686923980713, 'eval_accuracy': 0.44255744255744256, 'eval_f1': 0.33876808951435816, 'eval_precision': 0.5652431901068761, 'eval_recall': 0.44255744255744256, 'eval_runtime': 3.7543, 'eval_samples_per_second': 533.257, 'eval_steps_per_second': 4.262, 'epoch': 8.0}
2025-11-16 14:10:59,741 - Epoch 9.0: {'eval_loss': 1.5191376209259033, 'eval_accuracy': 0.44105894105894106, 'eval_f1': 0.33487978984536576, 'eval_precision': 0.5638162701667886, 'eval_recall': 0.44105894105894106, 'eval_runtime': 3.684, 'eval_samples_per_second': 543.424, 'eval_steps_per_second': 4.343, 'epoch': 9.0}
2025-11-16 14:11:10,709 - Epoch 10.0: {'eval_loss': 1.6478947401046753, 'eval_accuracy': 0.44105894105894106, 'eval_f1': 0.326137531856125, 'eval_precision': 0.5845894692730885, 'eval_recall': 0.44105894105894106, 'eval_runtime': 3.7748, 'eval_samples_per_second': 530.356, 'eval_steps_per_second': 4.239, 'epoch': 10.0}
2025-11-16 14:11:13,967 - Final Classification Report for ClariQ:
               precision    recall  f1-score   support

not ambiguous       0.16      0.62      0.26        37
    ambiguous       0.91      0.55      0.69       262

     accuracy                           0.56       299
    macro avg       0.54      0.59      0.47       299
 weighted avg       0.82      0.56      0.64       299

2025-11-16 14:11:13,967 - Final Validation Accuracy: 0.5618729096989966
2025-11-16 14:11:13,967 - Inference Time: 0.585486888885498 seconds
2025-11-16 14:11:13,967 - Average Inference Time per Sample: 0.001958150130051833 seconds
2025-11-16 14:11:17,809 - Final Classification Report for AmbigNQ:
               precision    recall  f1-score   support

not ambiguous       0.42      0.93      0.58       830
    ambiguous       0.67      0.10      0.17      1172

     accuracy                           0.44      2002
    macro avg       0.54      0.51      0.37      2002
 weighted avg       0.57      0.44      0.34      2002

2025-11-16 14:11:17,809 - Final Validation Accuracy: 0.44255744255744256
2025-11-16 14:11:17,809 - Inference Time: 3.837998151779175 seconds
2025-11-16 14:11:17,809 - Average Inference Time per Sample: 0.0019170819938956916 seconds
