2025-11-16 00:30:32,797 - Epoch 1.0: {'eval_loss': 0.678543746471405, 'eval_accuracy': 0.7725752508361204, 'eval_f1': 0.7875443397182528, 'eval_precision': 0.8051194261284188, 'eval_recall': 0.7725752508361204, 'eval_runtime': 0.7696, 'eval_samples_per_second': 388.513, 'eval_steps_per_second': 3.898, 'epoch': 1.0}
2025-11-16 00:30:40,816 - Epoch 2.0: {'eval_loss': 0.6904256343841553, 'eval_accuracy': 0.5919732441471572, 'eval_f1': 0.6616248835145287, 'eval_precision': 0.8152040709463702, 'eval_recall': 0.5919732441471572, 'eval_runtime': 0.7458, 'eval_samples_per_second': 400.902, 'eval_steps_per_second': 4.022, 'epoch': 2.0}
2025-11-16 00:30:47,532 - Epoch 3.0: {'eval_loss': 0.7246940732002258, 'eval_accuracy': 0.4080267558528428, 'eval_f1': 0.4810724049101685, 'eval_precision': 0.8173662555258165, 'eval_recall': 0.4080267558528428, 'eval_runtime': 0.7433, 'eval_samples_per_second': 402.253, 'eval_steps_per_second': 4.036, 'epoch': 3.0}
2025-11-16 00:30:55,748 - Epoch 4.0: {'eval_loss': 0.7125003933906555, 'eval_accuracy': 0.5886287625418061, 'eval_f1': 0.6588402660699076, 'eval_precision': 0.8145675338359836, 'eval_recall': 0.5886287625418061, 'eval_runtime': 0.775, 'eval_samples_per_second': 385.824, 'eval_steps_per_second': 3.871, 'epoch': 4.0}
2025-11-16 00:30:57,970 - Fold 1 Best F1: 0.7875443397182528
2025-11-16 00:31:03,455 - Epoch 1.0: {'eval_loss': 0.7153038382530212, 'eval_accuracy': 0.12709030100334448, 'eval_f1': 0.07903176767131886, 'eval_precision': 0.4766249059931381, 'eval_recall': 0.12709030100334448, 'eval_runtime': 0.71, 'eval_samples_per_second': 421.109, 'eval_steps_per_second': 4.225, 'epoch': 1.0}
2025-11-16 00:31:11,359 - Epoch 2.0: {'eval_loss': 0.718235969543457, 'eval_accuracy': 0.13377926421404682, 'eval_f1': 0.04733878827398105, 'eval_precision': 0.8917224080267558, 'eval_recall': 0.13377926421404682, 'eval_runtime': 0.7676, 'eval_samples_per_second': 389.526, 'eval_steps_per_second': 3.908, 'epoch': 2.0}
2025-11-16 00:31:18,823 - Epoch 3.0: {'eval_loss': 0.7319115996360779, 'eval_accuracy': 0.25418060200668896, 'eval_f1': 0.2579014813595198, 'eval_precision': 0.8938641625932596, 'eval_recall': 0.25418060200668896, 'eval_runtime': 0.8158, 'eval_samples_per_second': 366.496, 'eval_steps_per_second': 3.677, 'epoch': 3.0}
2025-11-16 00:31:25,742 - Epoch 4.0: {'eval_loss': 0.6959595084190369, 'eval_accuracy': 0.5819397993311036, 'eval_f1': 0.6526697683034409, 'eval_precision': 0.833361030903564, 'eval_recall': 0.5819397993311036, 'eval_runtime': 0.6419, 'eval_samples_per_second': 465.836, 'eval_steps_per_second': 4.674, 'epoch': 4.0}
2025-11-16 00:31:32,815 - Epoch 5.0: {'eval_loss': 0.6536643505096436, 'eval_accuracy': 0.6789297658862876, 'eval_f1': 0.7288740245261984, 'eval_precision': 0.813801162730206, 'eval_recall': 0.6789297658862876, 'eval_runtime': 0.7602, 'eval_samples_per_second': 393.319, 'eval_steps_per_second': 3.946, 'epoch': 5.0}
2025-11-16 00:31:39,957 - Epoch 6.0: {'eval_loss': 0.6559865474700928, 'eval_accuracy': 0.6755852842809364, 'eval_f1': 0.7284671049965721, 'eval_precision': 0.8305634088346643, 'eval_recall': 0.6755852842809364, 'eval_runtime': 0.6817, 'eval_samples_per_second': 438.633, 'eval_steps_per_second': 4.401, 'epoch': 6.0}
2025-11-16 00:31:47,224 - Epoch 7.0: {'eval_loss': 0.6215581297874451, 'eval_accuracy': 0.6956521739130435, 'eval_f1': 0.7426869696009336, 'eval_precision': 0.8256143667296786, 'eval_recall': 0.6956521739130435, 'eval_runtime': 0.7351, 'eval_samples_per_second': 406.757, 'eval_steps_per_second': 4.081, 'epoch': 7.0}
2025-11-16 00:31:54,727 - Epoch 8.0: {'eval_loss': 0.6145737767219543, 'eval_accuracy': 0.7224080267558528, 'eval_f1': 0.7626446026028395, 'eval_precision': 0.8308834912980515, 'eval_recall': 0.7224080267558528, 'eval_runtime': 0.6968, 'eval_samples_per_second': 429.103, 'eval_steps_per_second': 4.305, 'epoch': 8.0}
2025-11-16 00:32:01,578 - Epoch 9.0: {'eval_loss': 0.5946476459503174, 'eval_accuracy': 0.7591973244147158, 'eval_f1': 0.7897193326986627, 'eval_precision': 0.8386718406325526, 'eval_recall': 0.7591973244147158, 'eval_runtime': 0.6002, 'eval_samples_per_second': 498.178, 'eval_steps_per_second': 4.998, 'epoch': 9.0}
2025-11-16 00:32:09,731 - Epoch 10.0: {'eval_loss': 0.6514790654182434, 'eval_accuracy': 0.725752508361204, 'eval_f1': 0.7658752299647859, 'eval_precision': 0.8357618670260591, 'eval_recall': 0.725752508361204, 'eval_runtime': 0.7595, 'eval_samples_per_second': 393.658, 'eval_steps_per_second': 3.95, 'epoch': 10.0}
2025-11-16 00:32:12,413 - Fold 2 Best F1: 0.7897193326986627
2025-11-16 00:32:17,857 - Epoch 1.0: {'eval_loss': 0.6976481080055237, 'eval_accuracy': 0.3745819397993311, 'eval_f1': 0.44674472107212077, 'eval_precision': 0.7928128295365825, 'eval_recall': 0.3745819397993311, 'eval_runtime': 0.7106, 'eval_samples_per_second': 420.749, 'eval_steps_per_second': 4.222, 'epoch': 1.0}
2025-11-16 00:32:24,537 - Epoch 2.0: {'eval_loss': 0.7144301533699036, 'eval_accuracy': 0.19732441471571907, 'eval_f1': 0.17839881258172113, 'eval_precision': 0.7978951098636644, 'eval_recall': 0.19732441471571907, 'eval_runtime': 0.7027, 'eval_samples_per_second': 425.491, 'eval_steps_per_second': 4.269, 'epoch': 2.0}
2025-11-16 00:32:31,372 - Epoch 3.0: {'eval_loss': 0.7291080951690674, 'eval_accuracy': 0.3411371237458194, 'eval_f1': 0.3943663107197068, 'eval_precision': 0.8355152094282529, 'eval_recall': 0.3411371237458194, 'eval_runtime': 0.6554, 'eval_samples_per_second': 456.195, 'eval_steps_per_second': 4.577, 'epoch': 3.0}
2025-11-16 00:32:40,297 - Epoch 4.0: {'eval_loss': 0.7037585973739624, 'eval_accuracy': 0.6488294314381271, 'eval_f1': 0.7076041667770194, 'eval_precision': 0.8256981343937866, 'eval_recall': 0.6488294314381271, 'eval_runtime': 0.7483, 'eval_samples_per_second': 399.566, 'eval_steps_per_second': 4.009, 'epoch': 4.0}
2025-11-16 00:32:48,271 - Epoch 5.0: {'eval_loss': 0.6904414296150208, 'eval_accuracy': 0.7324414715719063, 'eval_f1': 0.7683254267402384, 'eval_precision': 0.824632868111129, 'eval_recall': 0.7324414715719063, 'eval_runtime': 0.7755, 'eval_samples_per_second': 385.549, 'eval_steps_per_second': 3.868, 'epoch': 5.0}
2025-11-16 00:32:55,971 - Epoch 6.0: {'eval_loss': 0.6628380417823792, 'eval_accuracy': 0.7692307692307693, 'eval_f1': 0.793807781954484, 'eval_precision': 0.8288870703764321, 'eval_recall': 0.7692307692307693, 'eval_runtime': 0.8007, 'eval_samples_per_second': 373.437, 'eval_steps_per_second': 3.747, 'epoch': 6.0}
2025-11-16 00:33:02,709 - Epoch 7.0: {'eval_loss': 0.6014555096626282, 'eval_accuracy': 0.782608695652174, 'eval_f1': 0.7960853232874756, 'eval_precision': 0.8119818404050987, 'eval_recall': 0.782608695652174, 'eval_runtime': 0.766, 'eval_samples_per_second': 390.341, 'eval_steps_per_second': 3.916, 'epoch': 7.0}
2025-11-16 00:33:10,355 - Epoch 8.0: {'eval_loss': 0.6007444262504578, 'eval_accuracy': 0.7692307692307693, 'eval_f1': 0.7925875060143597, 'eval_precision': 0.824852634775052, 'eval_recall': 0.7692307692307693, 'eval_runtime': 0.7568, 'eval_samples_per_second': 395.098, 'eval_steps_per_second': 3.964, 'epoch': 8.0}
2025-11-16 00:33:18,589 - Epoch 9.0: {'eval_loss': 0.5607067346572876, 'eval_accuracy': 0.7859531772575251, 'eval_f1': 0.8000417314995321, 'eval_precision': 0.8170387693323096, 'eval_recall': 0.7859531772575251, 'eval_runtime': 0.808, 'eval_samples_per_second': 370.048, 'eval_steps_per_second': 3.713, 'epoch': 9.0}
2025-11-16 00:33:25,494 - Epoch 10.0: {'eval_loss': 0.5325266122817993, 'eval_accuracy': 0.8060200668896321, 'eval_f1': 0.8139787822394053, 'eval_precision': 0.8230075755580719, 'eval_recall': 0.8060200668896321, 'eval_runtime': 0.7278, 'eval_samples_per_second': 410.826, 'eval_steps_per_second': 4.122, 'epoch': 10.0}
2025-11-16 00:33:28,803 - Fold 3 Best F1: 0.8139787822394053
2025-11-16 00:33:34,217 - Epoch 1.0: {'eval_loss': 0.6950439810752869, 'eval_accuracy': 0.5083612040133779, 'eval_f1': 0.5870884752317486, 'eval_precision': 0.8142616213905105, 'eval_recall': 0.5083612040133779, 'eval_runtime': 0.73, 'eval_samples_per_second': 409.602, 'eval_steps_per_second': 4.11, 'epoch': 1.0}
2025-11-16 00:33:41,843 - Epoch 2.0: {'eval_loss': 0.6934102177619934, 'eval_accuracy': 0.5785953177257525, 'eval_f1': 0.6501752210392322, 'eval_precision': 0.822534615535676, 'eval_recall': 0.5785953177257525, 'eval_runtime': 0.7527, 'eval_samples_per_second': 397.241, 'eval_steps_per_second': 3.986, 'epoch': 2.0}
2025-11-16 00:33:49,561 - Epoch 3.0: {'eval_loss': 0.7031656503677368, 'eval_accuracy': 0.5317725752508361, 'eval_f1': 0.6091017104375129, 'eval_precision': 0.8135721607446148, 'eval_recall': 0.5317725752508361, 'eval_runtime': 0.8313, 'eval_samples_per_second': 359.672, 'eval_steps_per_second': 3.609, 'epoch': 3.0}
2025-11-16 00:33:58,608 - Epoch 4.0: {'eval_loss': 0.6887239217758179, 'eval_accuracy': 0.6688963210702341, 'eval_f1': 0.7228684886047487, 'eval_precision': 0.8249022237623637, 'eval_recall': 0.6688963210702341, 'eval_runtime': 0.7443, 'eval_samples_per_second': 401.713, 'eval_steps_per_second': 4.031, 'epoch': 4.0}
2025-11-16 00:34:06,096 - Epoch 5.0: {'eval_loss': 0.6479926705360413, 'eval_accuracy': 0.7692307692307693, 'eval_f1': 0.793807781954484, 'eval_precision': 0.8288870703764321, 'eval_recall': 0.7692307692307693, 'eval_runtime': 0.7695, 'eval_samples_per_second': 388.582, 'eval_steps_per_second': 3.899, 'epoch': 5.0}
2025-11-16 00:34:13,399 - Epoch 6.0: {'eval_loss': 0.62308269739151, 'eval_accuracy': 0.7625418060200669, 'eval_f1': 0.7901294343132247, 'eval_precision': 0.8313244726288205, 'eval_recall': 0.7625418060200669, 'eval_runtime': 0.7399, 'eval_samples_per_second': 404.094, 'eval_steps_per_second': 4.054, 'epoch': 6.0}
2025-11-16 00:34:21,859 - Epoch 7.0: {'eval_loss': 0.5435375571250916, 'eval_accuracy': 0.8060200668896321, 'eval_f1': 0.8139787822394053, 'eval_precision': 0.8230075755580719, 'eval_recall': 0.8060200668896321, 'eval_runtime': 0.7372, 'eval_samples_per_second': 405.579, 'eval_steps_per_second': 4.069, 'epoch': 7.0}
2025-11-16 00:34:29,206 - Epoch 8.0: {'eval_loss': 0.5225051045417786, 'eval_accuracy': 0.8160535117056856, 'eval_f1': 0.8191072884388414, 'eval_precision': 0.8223205407988017, 'eval_recall': 0.8160535117056856, 'eval_runtime': 0.7595, 'eval_samples_per_second': 393.704, 'eval_steps_per_second': 3.95, 'epoch': 8.0}
2025-11-16 00:34:37,581 - Epoch 9.0: {'eval_loss': 0.5529481768608093, 'eval_accuracy': 0.7993311036789298, 'eval_f1': 0.8125391232808112, 'eval_precision': 0.8289581125362001, 'eval_recall': 0.7993311036789298, 'eval_runtime': 0.7145, 'eval_samples_per_second': 418.49, 'eval_steps_per_second': 4.199, 'epoch': 9.0}
2025-11-16 00:34:45,260 - Epoch 10.0: {'eval_loss': 0.5253702998161316, 'eval_accuracy': 0.8327759197324415, 'eval_f1': 0.8307712795644685, 'eval_precision': 0.8288479636305723, 'eval_recall': 0.8327759197324415, 'eval_runtime': 0.7792, 'eval_samples_per_second': 383.709, 'eval_steps_per_second': 3.85, 'epoch': 10.0}
2025-11-16 00:34:48,120 - Fold 4 Best F1: 0.8307712795644685
2025-11-16 00:34:54,013 - Epoch 1.0: {'eval_loss': 0.69591224193573, 'eval_accuracy': 0.47157190635451507, 'eval_f1': 0.5500708465298335, 'eval_precision': 0.818353437353186, 'eval_recall': 0.47157190635451507, 'eval_runtime': 0.7353, 'eval_samples_per_second': 406.641, 'eval_steps_per_second': 4.08, 'epoch': 1.0}
2025-11-16 00:35:01,044 - Epoch 2.0: {'eval_loss': 0.7033105492591858, 'eval_accuracy': 0.36454849498327757, 'eval_f1': 0.429513894240402, 'eval_precision': 0.8136024288919406, 'eval_recall': 0.36454849498327757, 'eval_runtime': 0.7564, 'eval_samples_per_second': 395.285, 'eval_steps_per_second': 3.966, 'epoch': 2.0}
2025-11-16 00:35:08,846 - Epoch 3.0: {'eval_loss': 0.7293640375137329, 'eval_accuracy': 0.34782608695652173, 'eval_f1': 0.4050234886892622, 'eval_precision': 0.8271401410917096, 'eval_recall': 0.34782608695652173, 'eval_runtime': 0.7653, 'eval_samples_per_second': 390.693, 'eval_steps_per_second': 3.92, 'epoch': 3.0}
2025-11-16 00:35:15,220 - Epoch 4.0: {'eval_loss': 0.6913123726844788, 'eval_accuracy': 0.6889632107023411, 'eval_f1': 0.7376496172655002, 'eval_precision': 0.8243272419915546, 'eval_recall': 0.6889632107023411, 'eval_runtime': 0.6929, 'eval_samples_per_second': 431.491, 'eval_steps_per_second': 4.329, 'epoch': 4.0}
2025-11-16 00:35:22,533 - Epoch 5.0: {'eval_loss': 0.6701050996780396, 'eval_accuracy': 0.7525083612040134, 'eval_f1': 0.7828789338106108, 'eval_precision': 0.8290190594957412, 'eval_recall': 0.7525083612040134, 'eval_runtime': 0.7519, 'eval_samples_per_second': 397.64, 'eval_steps_per_second': 3.99, 'epoch': 5.0}
2025-11-16 00:35:28,570 - Epoch 6.0: {'eval_loss': 0.6161931753158569, 'eval_accuracy': 0.7792642140468228, 'eval_f1': 0.799720016256046, 'eval_precision': 0.8273916822553521, 'eval_recall': 0.7792642140468228, 'eval_runtime': 0.766, 'eval_samples_per_second': 390.331, 'eval_steps_per_second': 3.916, 'epoch': 6.0}
2025-11-16 00:35:35,561 - Epoch 7.0: {'eval_loss': 0.5449519157409668, 'eval_accuracy': 0.8127090301003345, 'eval_f1': 0.8186477447347013, 'eval_precision': 0.8252162003188924, 'eval_recall': 0.8127090301003345, 'eval_runtime': 0.6536, 'eval_samples_per_second': 457.479, 'eval_steps_per_second': 4.59, 'epoch': 7.0}
2025-11-16 00:35:43,290 - Epoch 8.0: {'eval_loss': 0.535364031791687, 'eval_accuracy': 0.8093645484949833, 'eval_f1': 0.8163113139986405, 'eval_precision': 0.8240957678297832, 'eval_recall': 0.8093645484949833, 'eval_runtime': 0.7465, 'eval_samples_per_second': 400.553, 'eval_steps_per_second': 4.019, 'epoch': 8.0}
2025-11-16 00:35:50,647 - Epoch 9.0: {'eval_loss': 0.5143400430679321, 'eval_accuracy': 0.8361204013377926, 'eval_f1': 0.8331246067662088, 'eval_precision': 0.8303174844747011, 'eval_recall': 0.8361204013377926, 'eval_runtime': 0.7107, 'eval_samples_per_second': 420.689, 'eval_steps_per_second': 4.221, 'epoch': 9.0}
2025-11-16 00:35:58,430 - Epoch 10.0: {'eval_loss': 0.5252779722213745, 'eval_accuracy': 0.8394648829431438, 'eval_f1': 0.8375404283818898, 'eval_precision': 0.8357027030940074, 'eval_recall': 0.8394648829431438, 'eval_runtime': 0.8178, 'eval_samples_per_second': 365.629, 'eval_steps_per_second': 3.669, 'epoch': 10.0}
2025-11-16 00:36:01,048 - Fold 5 Best F1: 0.8375404283818898
2025-11-16 00:36:01,048 - CV Average Best F1: 0.8119108325205359
2025-11-16 00:36:10,403 - Epoch 1.0: {'eval_loss': 0.7002214193344116, 'eval_accuracy': 0.41358641358641357, 'eval_f1': 0.26262597399235665, 'eval_precision': 0.45176061643274756, 'eval_recall': 0.41358641358641357, 'eval_runtime': 4.4866, 'eval_samples_per_second': 446.221, 'eval_steps_per_second': 3.566, 'epoch': 1.0}
2025-11-16 00:36:22,632 - Epoch 2.0: {'eval_loss': 0.7076407074928284, 'eval_accuracy': 0.41358641358641357, 'eval_f1': 0.2452096638177207, 'eval_precision': 0.39106154627719325, 'eval_recall': 0.41358641358641357, 'eval_runtime': 4.6661, 'eval_samples_per_second': 429.049, 'eval_steps_per_second': 3.429, 'epoch': 2.0}
2025-11-16 00:36:35,029 - Epoch 3.0: {'eval_loss': 0.7269377112388611, 'eval_accuracy': 0.4150849150849151, 'eval_f1': 0.2492847768872574, 'eval_precision': 0.4869770752123693, 'eval_recall': 0.4150849150849151, 'eval_runtime': 4.882, 'eval_samples_per_second': 410.076, 'eval_steps_per_second': 3.277, 'epoch': 3.0}
2025-11-16 00:36:47,138 - Epoch 4.0: {'eval_loss': 0.7445647716522217, 'eval_accuracy': 0.43356643356643354, 'eval_f1': 0.32991308766031296, 'eval_precision': 0.5294513957080923, 'eval_recall': 0.43356643356643354, 'eval_runtime': 4.7482, 'eval_samples_per_second': 421.63, 'eval_steps_per_second': 3.37, 'epoch': 4.0}
2025-11-16 00:36:59,535 - Epoch 5.0: {'eval_loss': 0.7824287414550781, 'eval_accuracy': 0.45704295704295705, 'eval_f1': 0.41044019975267404, 'eval_precision': 0.5284200558061237, 'eval_recall': 0.45704295704295705, 'eval_runtime': 4.7984, 'eval_samples_per_second': 417.223, 'eval_steps_per_second': 3.334, 'epoch': 5.0}
2025-11-16 00:37:12,124 - Epoch 6.0: {'eval_loss': 0.8196296095848083, 'eval_accuracy': 0.46553446553446554, 'eval_f1': 0.4464089831736891, 'eval_precision': 0.5155917027002095, 'eval_recall': 0.46553446553446554, 'eval_runtime': 4.8047, 'eval_samples_per_second': 416.674, 'eval_steps_per_second': 3.33, 'epoch': 6.0}
2025-11-16 00:37:26,128 - Epoch 7.0: {'eval_loss': 0.903008759021759, 'eval_accuracy': 0.458041958041958, 'eval_f1': 0.4331196482479014, 'eval_precision': 0.5106678053031227, 'eval_recall': 0.458041958041958, 'eval_runtime': 4.9177, 'eval_samples_per_second': 407.101, 'eval_steps_per_second': 3.254, 'epoch': 7.0}
2025-11-16 00:37:38,690 - Epoch 8.0: {'eval_loss': 1.0063557624816895, 'eval_accuracy': 0.45754245754245754, 'eval_f1': 0.43476397841822495, 'eval_precision': 0.5081505526373765, 'eval_recall': 0.45754245754245754, 'eval_runtime': 4.8027, 'eval_samples_per_second': 416.845, 'eval_steps_per_second': 3.331, 'epoch': 8.0}
2025-11-16 00:37:51,274 - Epoch 9.0: {'eval_loss': 1.1456453800201416, 'eval_accuracy': 0.45054945054945056, 'eval_f1': 0.4128355505958474, 'eval_precision': 0.5097657478616593, 'eval_recall': 0.45054945054945056, 'eval_runtime': 4.7575, 'eval_samples_per_second': 420.809, 'eval_steps_per_second': 3.363, 'epoch': 9.0}
2025-11-16 00:37:54,844 - Final Classification Report for ClariQ:
               precision    recall  f1-score   support

not ambiguous       0.25      0.41      0.31        37
    ambiguous       0.91      0.83      0.87       262

     accuracy                           0.78       299
    macro avg       0.58      0.62      0.59       299
 weighted avg       0.83      0.78      0.80       299

2025-11-16 00:37:54,844 - Final Validation Accuracy: 0.7759197324414716
2025-11-16 00:37:54,844 - Inference Time: 0.7434618473052979 seconds
2025-11-16 00:37:54,844 - Average Inference Time per Sample: 0.002486494472592969 seconds
2025-11-16 00:37:59,772 - Final Classification Report for AmbigNQ:
               precision    recall  f1-score   support

not ambiguous       0.42      0.71      0.52       830
    ambiguous       0.59      0.29      0.39      1172

     accuracy                           0.47      2002
    macro avg       0.50      0.50      0.46      2002
 weighted avg       0.52      0.47      0.45      2002

2025-11-16 00:37:59,772 - Final Validation Accuracy: 0.46553446553446554
2025-11-16 00:37:59,772 - Inference Time: 4.9235734939575195 seconds
2025-11-16 00:37:59,772 - Average Inference Time per Sample: 0.0024593274195592006 seconds
