2025-11-17 09:54:30,422 - Epoch 1.0: {'eval_loss': 0.7444426417350769, 'eval_accuracy': 0.12374581939799331, 'eval_f1': 0.027253543557891384, 'eval_precision': 0.015313027818480778, 'eval_recall': 0.12374581939799331, 'eval_runtime': 1.0509, 'eval_samples_per_second': 284.507, 'eval_steps_per_second': 2.855, 'epoch': 1.0}
2025-11-17 09:54:44,356 - Epoch 2.0: {'eval_loss': 0.7148360013961792, 'eval_accuracy': 0.12374581939799331, 'eval_f1': 0.027253543557891384, 'eval_precision': 0.015313027818480778, 'eval_recall': 0.12374581939799331, 'eval_runtime': 1.0663, 'eval_samples_per_second': 280.416, 'eval_steps_per_second': 2.814, 'epoch': 2.0}
2025-11-17 09:54:57,754 - Epoch 3.0: {'eval_loss': 0.6939712166786194, 'eval_accuracy': 0.5652173913043478, 'eval_f1': 0.6392905388502527, 'eval_precision': 0.7773480239172826, 'eval_recall': 0.5652173913043478, 'eval_runtime': 0.8884, 'eval_samples_per_second': 336.557, 'eval_steps_per_second': 3.377, 'epoch': 3.0}
2025-11-17 09:55:10,849 - Epoch 4.0: {'eval_loss': 0.7651162147521973, 'eval_accuracy': 0.5852842809364549, 'eval_f1': 0.6560710731698632, 'eval_precision': 0.8044165609502941, 'eval_recall': 0.5852842809364549, 'eval_runtime': 0.9226, 'eval_samples_per_second': 324.07, 'eval_steps_per_second': 3.252, 'epoch': 4.0}
2025-11-17 09:55:23,843 - Epoch 5.0: {'eval_loss': 1.2347798347473145, 'eval_accuracy': 0.5150501672240803, 'eval_f1': 0.5953663138629978, 'eval_precision': 0.7943254557133048, 'eval_recall': 0.5150501672240803, 'eval_runtime': 0.8218, 'eval_samples_per_second': 363.823, 'eval_steps_per_second': 3.65, 'epoch': 5.0}
2025-11-17 09:55:37,345 - Epoch 6.0: {'eval_loss': 1.6496800184249878, 'eval_accuracy': 0.5117056856187291, 'eval_f1': 0.5895804235935876, 'eval_precision': 0.8206035692500008, 'eval_recall': 0.5117056856187291, 'eval_runtime': 0.9317, 'eval_samples_per_second': 320.905, 'eval_steps_per_second': 3.22, 'epoch': 6.0}
2025-11-17 09:55:52,428 - Epoch 7.0: {'eval_loss': 2.3117074966430664, 'eval_accuracy': 0.41471571906354515, 'eval_f1': 0.4838495473083855, 'eval_precision': 0.8423284686328165, 'eval_recall': 0.41471571906354515, 'eval_runtime': 0.9099, 'eval_samples_per_second': 328.612, 'eval_steps_per_second': 3.297, 'epoch': 7.0}
2025-11-17 09:55:58,405 - Fold 1 Best F1: 0.6560710731698632
2025-11-17 09:56:07,855 - Epoch 1.0: {'eval_loss': 0.632179319858551, 'eval_accuracy': 0.8762541806020067, 'eval_f1': 0.8184620153929617, 'eval_precision': 0.7678213890224942, 'eval_recall': 0.8762541806020067, 'eval_runtime': 1.054, 'eval_samples_per_second': 283.685, 'eval_steps_per_second': 2.846, 'epoch': 1.0}
2025-11-17 09:56:20,755 - Epoch 2.0: {'eval_loss': 0.6635570526123047, 'eval_accuracy': 0.8762541806020067, 'eval_f1': 0.8184620153929617, 'eval_precision': 0.7678213890224942, 'eval_recall': 0.8762541806020067, 'eval_runtime': 1.0542, 'eval_samples_per_second': 283.64, 'eval_steps_per_second': 2.846, 'epoch': 2.0}
2025-11-17 09:56:33,839 - Epoch 3.0: {'eval_loss': 0.6944156289100647, 'eval_accuracy': 0.5819397993311036, 'eval_f1': 0.6533057209007578, 'eval_precision': 0.8037433092723367, 'eval_recall': 0.5819397993311036, 'eval_runtime': 1.0307, 'eval_samples_per_second': 290.086, 'eval_steps_per_second': 2.911, 'epoch': 3.0}
2025-11-17 09:56:47,645 - Epoch 4.0: {'eval_loss': 0.9265071153640747, 'eval_accuracy': 0.5852842809364549, 'eval_f1': 0.6560710731698632, 'eval_precision': 0.8044165609502941, 'eval_recall': 0.5852842809364549, 'eval_runtime': 0.9659, 'eval_samples_per_second': 309.564, 'eval_steps_per_second': 3.106, 'epoch': 4.0}
2025-11-17 09:56:54,344 - Fold 2 Best F1: 0.8184620153929617
2025-11-17 09:57:02,910 - Epoch 1.0: {'eval_loss': 0.6958360075950623, 'eval_accuracy': 0.3076923076923077, 'eval_f1': 0.35345450246976784, 'eval_precision': 0.8143186586959104, 'eval_recall': 0.3076923076923077, 'eval_runtime': 0.7899, 'eval_samples_per_second': 378.528, 'eval_steps_per_second': 3.798, 'epoch': 1.0}
2025-11-17 09:57:15,183 - Epoch 2.0: {'eval_loss': 0.7088184952735901, 'eval_accuracy': 0.12374581939799331, 'eval_f1': 0.027253543557891384, 'eval_precision': 0.015313027818480778, 'eval_recall': 0.12374581939799331, 'eval_runtime': 0.7822, 'eval_samples_per_second': 382.268, 'eval_steps_per_second': 3.835, 'epoch': 2.0}
2025-11-17 09:57:26,720 - Epoch 3.0: {'eval_loss': 0.7239757776260376, 'eval_accuracy': 0.14715719063545152, 'eval_f1': 0.07343771298391316, 'eval_precision': 0.8919343015531223, 'eval_recall': 0.14715719063545152, 'eval_runtime': 0.7857, 'eval_samples_per_second': 380.554, 'eval_steps_per_second': 3.818, 'epoch': 3.0}
2025-11-17 09:57:40,772 - Epoch 4.0: {'eval_loss': 0.7385461330413818, 'eval_accuracy': 0.5451505016722408, 'eval_f1': 0.6210628836046896, 'eval_precision': 0.816223356853042, 'eval_recall': 0.5451505016722408, 'eval_runtime': 0.9659, 'eval_samples_per_second': 309.541, 'eval_steps_per_second': 3.106, 'epoch': 4.0}
2025-11-17 09:57:54,226 - Epoch 5.0: {'eval_loss': 0.9369565844535828, 'eval_accuracy': 0.5618729096989966, 'eval_f1': 0.6351640135073153, 'eval_precision': 0.8298987964661176, 'eval_recall': 0.5618729096989966, 'eval_runtime': 0.9762, 'eval_samples_per_second': 306.3, 'eval_steps_per_second': 3.073, 'epoch': 5.0}
2025-11-17 09:58:08,137 - Epoch 6.0: {'eval_loss': 1.1647844314575195, 'eval_accuracy': 0.5451505016722408, 'eval_f1': 0.6193393181951534, 'eval_precision': 0.8380742685125546, 'eval_recall': 0.5451505016722408, 'eval_runtime': 0.9517, 'eval_samples_per_second': 314.159, 'eval_steps_per_second': 3.152, 'epoch': 6.0}
2025-11-17 09:58:22,809 - Epoch 7.0: {'eval_loss': 2.5881364345550537, 'eval_accuracy': 0.3110367892976589, 'eval_f1': 0.3470540171863424, 'eval_precision': 0.8651674806304605, 'eval_recall': 0.3110367892976589, 'eval_runtime': 0.9226, 'eval_samples_per_second': 324.092, 'eval_steps_per_second': 3.252, 'epoch': 7.0}
2025-11-17 09:58:38,717 - Epoch 8.0: {'eval_loss': 1.7343615293502808, 'eval_accuracy': 0.4882943143812709, 'eval_f1': 0.5647659946836971, 'eval_precision': 0.8343020959200509, 'eval_recall': 0.4882943143812709, 'eval_runtime': 1.0388, 'eval_samples_per_second': 287.833, 'eval_steps_per_second': 2.888, 'epoch': 8.0}
2025-11-17 09:58:45,484 - Fold 3 Best F1: 0.6351640135073153
2025-11-17 09:58:54,465 - Epoch 1.0: {'eval_loss': 0.7093164920806885, 'eval_accuracy': 0.12374581939799331, 'eval_f1': 0.027253543557891384, 'eval_precision': 0.015313027818480778, 'eval_recall': 0.12374581939799331, 'eval_runtime': 0.7913, 'eval_samples_per_second': 377.842, 'eval_steps_per_second': 3.791, 'epoch': 1.0}
2025-11-17 09:59:07,080 - Epoch 2.0: {'eval_loss': 0.6961268782615662, 'eval_accuracy': 0.40468227424749165, 'eval_f1': 0.4741915941404432, 'eval_precision': 0.8321341215565745, 'eval_recall': 0.40468227424749165, 'eval_runtime': 0.7842, 'eval_samples_per_second': 381.257, 'eval_steps_per_second': 3.825, 'epoch': 2.0}
2025-11-17 09:59:21,763 - Epoch 3.0: {'eval_loss': 0.7030522227287292, 'eval_accuracy': 0.46153846153846156, 'eval_f1': 0.5410379815758412, 'eval_precision': 0.8099133510167994, 'eval_recall': 0.46153846153846156, 'eval_runtime': 0.9636, 'eval_samples_per_second': 310.287, 'eval_steps_per_second': 3.113, 'epoch': 3.0}
2025-11-17 09:59:35,781 - Epoch 4.0: {'eval_loss': 0.81027752161026, 'eval_accuracy': 0.46488294314381273, 'eval_f1': 0.5443755407897048, 'eval_precision': 0.8106837453406943, 'eval_recall': 0.46488294314381273, 'eval_runtime': 0.8861, 'eval_samples_per_second': 337.416, 'eval_steps_per_second': 3.385, 'epoch': 4.0}
2025-11-17 09:59:51,243 - Epoch 5.0: {'eval_loss': 1.1093988418579102, 'eval_accuracy': 0.5217391304347826, 'eval_f1': 0.5976946840578976, 'eval_precision': 0.83409641851736, 'eval_recall': 0.5217391304347826, 'eval_runtime': 0.9808, 'eval_samples_per_second': 304.84, 'eval_steps_per_second': 3.059, 'epoch': 5.0}
2025-11-17 10:00:04,833 - Epoch 6.0: {'eval_loss': 1.887419581413269, 'eval_accuracy': 0.3612040133779264, 'eval_f1': 0.41936866480944984, 'eval_precision': 0.8403289403156442, 'eval_recall': 0.3612040133779264, 'eval_runtime': 0.9196, 'eval_samples_per_second': 325.132, 'eval_steps_per_second': 3.262, 'epoch': 6.0}
2025-11-17 10:00:18,532 - Epoch 7.0: {'eval_loss': 1.682478904724121, 'eval_accuracy': 0.4080267558528428, 'eval_f1': 0.4825741726582859, 'eval_precision': 0.8100237578050218, 'eval_recall': 0.4080267558528428, 'eval_runtime': 1.0155, 'eval_samples_per_second': 294.431, 'eval_steps_per_second': 2.954, 'epoch': 7.0}
2025-11-17 10:00:31,137 - Epoch 8.0: {'eval_loss': 1.6527740955352783, 'eval_accuracy': 0.45484949832775917, 'eval_f1': 0.5321676736680436, 'eval_precision': 0.8211812484191, 'eval_recall': 0.45484949832775917, 'eval_runtime': 0.9631, 'eval_samples_per_second': 310.471, 'eval_steps_per_second': 3.115, 'epoch': 8.0}
2025-11-17 10:00:37,367 - Fold 4 Best F1: 0.5976946840578976
2025-11-17 10:00:45,610 - Epoch 1.0: {'eval_loss': 0.7132692933082581, 'eval_accuracy': 0.12374581939799331, 'eval_f1': 0.027253543557891384, 'eval_precision': 0.015313027818480778, 'eval_recall': 0.12374581939799331, 'eval_runtime': 0.866, 'eval_samples_per_second': 345.25, 'eval_steps_per_second': 3.464, 'epoch': 1.0}
2025-11-17 10:01:03,960 - Epoch 2.0: {'eval_loss': 0.7192001342773438, 'eval_accuracy': 0.12374581939799331, 'eval_f1': 0.027253543557891384, 'eval_precision': 0.015313027818480778, 'eval_recall': 0.12374581939799331, 'eval_runtime': 0.8586, 'eval_samples_per_second': 348.237, 'eval_steps_per_second': 3.494, 'epoch': 2.0}
2025-11-17 10:01:20,109 - Epoch 3.0: {'eval_loss': 0.7201896905899048, 'eval_accuracy': 0.21739130434782608, 'eval_f1': 0.20316715131555896, 'eval_precision': 0.8636064867194656, 'eval_recall': 0.21739130434782608, 'eval_runtime': 1.0125, 'eval_samples_per_second': 295.321, 'eval_steps_per_second': 2.963, 'epoch': 3.0}
2025-11-17 10:01:36,380 - Epoch 4.0: {'eval_loss': 0.8560725450515747, 'eval_accuracy': 0.5117056856187291, 'eval_f1': 0.58749654229637, 'eval_precision': 0.8384005784395142, 'eval_recall': 0.5117056856187291, 'eval_runtime': 0.9208, 'eval_samples_per_second': 324.726, 'eval_steps_per_second': 3.258, 'epoch': 4.0}
2025-11-17 10:01:50,882 - Epoch 5.0: {'eval_loss': 1.3757250308990479, 'eval_accuracy': 0.46488294314381273, 'eval_f1': 0.5402282515838245, 'eval_precision': 0.8366737957564325, 'eval_recall': 0.46488294314381273, 'eval_runtime': 1.0265, 'eval_samples_per_second': 291.288, 'eval_steps_per_second': 2.923, 'epoch': 5.0}
2025-11-17 10:02:04,152 - Epoch 6.0: {'eval_loss': 2.4778237342834473, 'eval_accuracy': 0.2842809364548495, 'eval_f1': 0.3126809567517304, 'eval_precision': 0.8447462820133628, 'eval_recall': 0.2842809364548495, 'eval_runtime': 1.0596, 'eval_samples_per_second': 282.174, 'eval_steps_per_second': 2.831, 'epoch': 6.0}
2025-11-17 10:02:17,456 - Epoch 7.0: {'eval_loss': 2.222287654876709, 'eval_accuracy': 0.3779264214046823, 'eval_f1': 0.4415241280458672, 'eval_precision': 0.8346902427883264, 'eval_recall': 0.3779264214046823, 'eval_runtime': 1.0813, 'eval_samples_per_second': 276.52, 'eval_steps_per_second': 2.774, 'epoch': 7.0}
2025-11-17 10:02:22,605 - Fold 5 Best F1: 0.58749654229637
2025-11-17 10:02:22,605 - CV Average Best F1: 0.6589776656848816
2025-11-17 10:02:36,973 - Epoch 1.0: {'eval_loss': 0.6820193529129028, 'eval_accuracy': 0.5854145854145855, 'eval_f1': 0.4323288557693094, 'eval_precision': 0.342710236816131, 'eval_recall': 0.5854145854145855, 'eval_runtime': 5.3446, 'eval_samples_per_second': 374.582, 'eval_steps_per_second': 2.994, 'epoch': 1.0}
2025-11-17 10:02:56,338 - Epoch 2.0: {'eval_loss': 0.6903055310249329, 'eval_accuracy': 0.5814185814185814, 'eval_f1': 0.4339906758620461, 'eval_precision': 0.445580351169475, 'eval_recall': 0.5814185814185814, 'eval_runtime': 4.8127, 'eval_samples_per_second': 415.985, 'eval_steps_per_second': 3.325, 'epoch': 2.0}
2025-11-17 10:03:16,700 - Epoch 3.0: {'eval_loss': 0.7132667303085327, 'eval_accuracy': 0.4130869130869131, 'eval_f1': 0.36726517401939546, 'eval_precision': 0.4525365345037476, 'eval_recall': 0.4130869130869131, 'eval_runtime': 6.1816, 'eval_samples_per_second': 323.865, 'eval_steps_per_second': 2.588, 'epoch': 3.0}
2025-11-17 10:03:39,766 - Epoch 4.0: {'eval_loss': 0.9197518825531006, 'eval_accuracy': 0.477022977022977, 'eval_f1': 0.4806273899931067, 'eval_precision': 0.48800915852557497, 'eval_recall': 0.477022977022977, 'eval_runtime': 6.146, 'eval_samples_per_second': 325.739, 'eval_steps_per_second': 2.603, 'epoch': 4.0}
2025-11-17 10:04:00,694 - Epoch 5.0: {'eval_loss': 1.5291669368743896, 'eval_accuracy': 0.522977022977023, 'eval_f1': 0.49887917909103313, 'eval_precision': 0.49557962018346047, 'eval_recall': 0.522977022977023, 'eval_runtime': 6.4523, 'eval_samples_per_second': 310.276, 'eval_steps_per_second': 2.48, 'epoch': 5.0}
2025-11-17 10:04:21,601 - Epoch 6.0: {'eval_loss': 2.013692617416382, 'eval_accuracy': 0.4905094905094905, 'eval_f1': 0.4941379035023714, 'eval_precision': 0.5075346963157104, 'eval_recall': 0.4905094905094905, 'eval_runtime': 6.1244, 'eval_samples_per_second': 326.889, 'eval_steps_per_second': 2.612, 'epoch': 6.0}
2025-11-17 10:04:40,542 - Epoch 7.0: {'eval_loss': 2.147319793701172, 'eval_accuracy': 0.48951048951048953, 'eval_f1': 0.4924862413340017, 'eval_precision': 0.5105970096693659, 'eval_recall': 0.48951048951048953, 'eval_runtime': 5.0717, 'eval_samples_per_second': 394.737, 'eval_steps_per_second': 3.155, 'epoch': 7.0}
2025-11-17 10:05:02,264 - Epoch 8.0: {'eval_loss': 2.089153289794922, 'eval_accuracy': 0.499000999000999, 'eval_f1': 0.5022192055809805, 'eval_precision': 0.508344470267294, 'eval_recall': 0.499000999000999, 'eval_runtime': 5.3328, 'eval_samples_per_second': 375.41, 'eval_steps_per_second': 3.0, 'epoch': 8.0}
2025-11-17 10:05:24,268 - Epoch 9.0: {'eval_loss': 2.1603968143463135, 'eval_accuracy': 0.5374625374625375, 'eval_f1': 0.5205042178614002, 'eval_precision': 0.5178239376402569, 'eval_recall': 0.5374625374625376, 'eval_runtime': 6.4552, 'eval_samples_per_second': 310.135, 'eval_steps_per_second': 2.479, 'epoch': 9.0}
2025-11-17 10:05:47,636 - Epoch 10.0: {'eval_loss': 2.679262638092041, 'eval_accuracy': 0.5054945054945055, 'eval_f1': 0.5075117190501806, 'eval_precision': 0.5103010697563963, 'eval_recall': 0.5054945054945055, 'eval_runtime': 6.2313, 'eval_samples_per_second': 321.283, 'eval_steps_per_second': 2.568, 'epoch': 10.0}
2025-11-17 10:05:55,784 - Final Classification Report for ClariQ:
               precision    recall  f1-score   support

not ambiguous       0.16      0.65      0.25        37
    ambiguous       0.91      0.51      0.65       262

     accuracy                           0.53       299
    macro avg       0.53      0.58      0.45       299
 weighted avg       0.82      0.53      0.60       299

2025-11-17 10:05:55,784 - Final Validation Accuracy: 0.5250836120401338
2025-11-17 10:05:55,784 - Inference Time: 1.0529615879058838 seconds
2025-11-17 10:05:55,784 - Average Inference Time per Sample: 0.0035216106618925877 seconds
2025-11-17 10:06:02,161 - Final Classification Report for AmbigNQ:
               precision    recall  f1-score   support

not ambiguous       0.42      0.30      0.35       830
    ambiguous       0.59      0.70      0.64      1172

     accuracy                           0.54      2002
    macro avg       0.50      0.50      0.50      2002
 weighted avg       0.52      0.54      0.52      2002

2025-11-17 10:06:02,161 - Final Validation Accuracy: 0.5374625374625375
2025-11-17 10:06:02,161 - Inference Time: 6.372408151626587 seconds
2025-11-17 10:06:02,161 - Average Inference Time per Sample: 0.003183021054758535 seconds
