2025-11-16 00:59:46,495 - Epoch 1.0: {'eval_loss': 0.6661484241485596, 'eval_accuracy': 0.8762541806020067, 'eval_f1': 0.8184620153929617, 'eval_precision': 0.7678213890224942, 'eval_recall': 0.8762541806020067, 'eval_runtime': 1.2301, 'eval_samples_per_second': 243.076, 'eval_steps_per_second': 2.439, 'epoch': 1.0}
2025-11-16 01:00:06,585 - Epoch 2.0: {'eval_loss': 0.6847917437553406, 'eval_accuracy': 0.6722408026755853, 'eval_f1': 0.7225487885149079, 'eval_precision': 0.8039711124995407, 'eval_recall': 0.6722408026755853, 'eval_runtime': 1.2653, 'eval_samples_per_second': 236.308, 'eval_steps_per_second': 2.371, 'epoch': 2.0}
2025-11-16 01:00:24,306 - Epoch 3.0: {'eval_loss': 0.7042222023010254, 'eval_accuracy': 0.5618729096989966, 'eval_f1': 0.6363731761188339, 'eval_precision': 0.8044429721262946, 'eval_recall': 0.5618729096989966, 'eval_runtime': 1.2435, 'eval_samples_per_second': 240.456, 'eval_steps_per_second': 2.413, 'epoch': 3.0}
2025-11-16 01:00:44,346 - Epoch 4.0: {'eval_loss': 0.7339803576469421, 'eval_accuracy': 0.6187290969899666, 'eval_f1': 0.6823743913825979, 'eval_precision': 0.797569558273272, 'eval_recall': 0.6187290969899666, 'eval_runtime': 1.381, 'eval_samples_per_second': 216.503, 'eval_steps_per_second': 2.172, 'epoch': 4.0}
2025-11-16 01:00:51,139 - Fold 1 Best F1: 0.8184620153929617
2025-11-16 01:01:03,779 - Epoch 1.0: {'eval_loss': 0.6945798397064209, 'eval_accuracy': 0.3745819397993311, 'eval_f1': 0.4394776209597544, 'eval_precision': 0.8250132866644835, 'eval_recall': 0.3745819397993311, 'eval_runtime': 1.3507, 'eval_samples_per_second': 221.359, 'eval_steps_per_second': 2.221, 'epoch': 1.0}
2025-11-16 01:01:21,215 - Epoch 2.0: {'eval_loss': 0.6894996762275696, 'eval_accuracy': 0.725752508361204, 'eval_f1': 0.765120601913398, 'eval_precision': 0.8315603551329062, 'eval_recall': 0.725752508361204, 'eval_runtime': 1.2527, 'eval_samples_per_second': 238.69, 'eval_steps_per_second': 2.395, 'epoch': 2.0}
2025-11-16 01:01:38,974 - Epoch 3.0: {'eval_loss': 0.699612021446228, 'eval_accuracy': 0.4782608695652174, 'eval_f1': 0.5538145062982528, 'eval_precision': 0.8390696288421502, 'eval_recall': 0.4782608695652174, 'eval_runtime': 1.2859, 'eval_samples_per_second': 232.515, 'eval_steps_per_second': 2.333, 'epoch': 3.0}
2025-11-16 01:01:56,257 - Epoch 4.0: {'eval_loss': 0.6638927459716797, 'eval_accuracy': 0.6622073578595318, 'eval_f1': 0.7172698722129255, 'eval_precision': 0.819241038690063, 'eval_recall': 0.6622073578595318, 'eval_runtime': 1.2533, 'eval_samples_per_second': 238.572, 'eval_steps_per_second': 2.394, 'epoch': 4.0}
2025-11-16 01:02:13,609 - Epoch 5.0: {'eval_loss': 0.8164042234420776, 'eval_accuracy': 0.5986622073578596, 'eval_f1': 0.6671655546805128, 'eval_precision': 0.8164683811940183, 'eval_recall': 0.5986622073578596, 'eval_runtime': 1.2817, 'eval_samples_per_second': 233.289, 'eval_steps_per_second': 2.341, 'epoch': 5.0}
2025-11-16 01:02:19,782 - Fold 2 Best F1: 0.765120601913398
2025-11-16 01:02:31,842 - Epoch 1.0: {'eval_loss': 0.6925004720687866, 'eval_accuracy': 0.5953177257525084, 'eval_f1': 0.6641309489341901, 'eval_precision': 0.8356135104350548, 'eval_recall': 0.5953177257525084, 'eval_runtime': 1.3232, 'eval_samples_per_second': 225.971, 'eval_steps_per_second': 2.267, 'epoch': 1.0}
2025-11-16 01:02:48,499 - Epoch 2.0: {'eval_loss': 0.7056180238723755, 'eval_accuracy': 0.12709030100334448, 'eval_f1': 0.033998427309767786, 'eval_precision': 0.8916185944198783, 'eval_recall': 0.12709030100334448, 'eval_runtime': 1.1566, 'eval_samples_per_second': 258.507, 'eval_steps_per_second': 2.594, 'epoch': 2.0}
2025-11-16 01:03:04,173 - Epoch 3.0: {'eval_loss': 0.685617208480835, 'eval_accuracy': 0.6120401337792643, 'eval_f1': 0.6774159898072942, 'eval_precision': 0.8006499286644255, 'eval_recall': 0.6120401337792641, 'eval_runtime': 1.1377, 'eval_samples_per_second': 262.814, 'eval_steps_per_second': 2.637, 'epoch': 3.0}
2025-11-16 01:03:19,968 - Epoch 4.0: {'eval_loss': 0.5650808215141296, 'eval_accuracy': 0.6254180602006689, 'eval_f1': 0.6867228461684509, 'eval_precision': 0.7902482550314668, 'eval_recall': 0.6254180602006689, 'eval_runtime': 1.109, 'eval_samples_per_second': 269.601, 'eval_steps_per_second': 2.705, 'epoch': 4.0}
2025-11-16 01:03:35,490 - Epoch 5.0: {'eval_loss': 0.7912312746047974, 'eval_accuracy': 0.5953177257525084, 'eval_f1': 0.6640603755278341, 'eval_precision': 0.797258301777533, 'eval_recall': 0.5953177257525084, 'eval_runtime': 1.0982, 'eval_samples_per_second': 272.269, 'eval_steps_per_second': 2.732, 'epoch': 5.0}
2025-11-16 01:03:52,592 - Epoch 6.0: {'eval_loss': 1.043729543685913, 'eval_accuracy': 0.5719063545150501, 'eval_f1': 0.6442197818665982, 'eval_precision': 0.8264247130723514, 'eval_recall': 0.5719063545150501, 'eval_runtime': 1.223, 'eval_samples_per_second': 244.483, 'eval_steps_per_second': 2.453, 'epoch': 6.0}
2025-11-16 01:04:11,170 - Epoch 7.0: {'eval_loss': 0.909919023513794, 'eval_accuracy': 0.6421404682274248, 'eval_f1': 0.7025604457683565, 'eval_precision': 0.8290873165015042, 'eval_recall': 0.6421404682274248, 'eval_runtime': 1.3061, 'eval_samples_per_second': 228.926, 'eval_steps_per_second': 2.297, 'epoch': 7.0}
2025-11-16 01:04:27,810 - Epoch 8.0: {'eval_loss': 0.9692091941833496, 'eval_accuracy': 0.6923076923076923, 'eval_f1': 0.7417974182680065, 'eval_precision': 0.8380341880341882, 'eval_recall': 0.6923076923076923, 'eval_runtime': 1.3032, 'eval_samples_per_second': 229.441, 'eval_steps_per_second': 2.302, 'epoch': 8.0}
2025-11-16 01:04:44,877 - Epoch 9.0: {'eval_loss': 0.7869998812675476, 'eval_accuracy': 0.7759197324414716, 'eval_f1': 0.7997843679847888, 'eval_precision': 0.8345493399985768, 'eval_recall': 0.7759197324414716, 'eval_runtime': 1.4133, 'eval_samples_per_second': 211.563, 'eval_steps_per_second': 2.123, 'epoch': 9.0}
2025-11-16 01:05:02,693 - Epoch 10.0: {'eval_loss': 1.2408734560012817, 'eval_accuracy': 0.6688963210702341, 'eval_f1': 0.7243125001040469, 'eval_precision': 0.8429818168948603, 'eval_recall': 0.6688963210702341, 'eval_runtime': 1.3004, 'eval_samples_per_second': 229.931, 'eval_steps_per_second': 2.307, 'epoch': 10.0}
2025-11-16 01:05:09,973 - Fold 3 Best F1: 0.7997843679847888
2025-11-16 01:05:22,457 - Epoch 1.0: {'eval_loss': 0.7072861194610596, 'eval_accuracy': 0.12374581939799331, 'eval_f1': 0.027253543557891384, 'eval_precision': 0.015313027818480778, 'eval_recall': 0.12374581939799331, 'eval_runtime': 1.2578, 'eval_samples_per_second': 237.713, 'eval_steps_per_second': 2.385, 'epoch': 1.0}
2025-11-16 01:05:40,031 - Epoch 2.0: {'eval_loss': 0.6902720332145691, 'eval_accuracy': 0.5886287625418061, 'eval_f1': 0.6588528293663457, 'eval_precision': 0.8097904720171621, 'eval_recall': 0.5886287625418061, 'eval_runtime': 1.4108, 'eval_samples_per_second': 211.938, 'eval_steps_per_second': 2.126, 'epoch': 2.0}
2025-11-16 01:05:57,594 - Epoch 3.0: {'eval_loss': 0.6637699604034424, 'eval_accuracy': 0.6287625418060201, 'eval_f1': 0.6908958334499921, 'eval_precision': 0.8084144518927128, 'eval_recall': 0.6287625418060201, 'eval_runtime': 1.3201, 'eval_samples_per_second': 226.498, 'eval_steps_per_second': 2.273, 'epoch': 3.0}
2025-11-16 01:06:14,335 - Epoch 4.0: {'eval_loss': 0.6371670961380005, 'eval_accuracy': 0.6220735785953178, 'eval_f1': 0.6853263890076494, 'eval_precision': 0.8026532243923549, 'eval_recall': 0.6220735785953178, 'eval_runtime': 1.3112, 'eval_samples_per_second': 228.042, 'eval_steps_per_second': 2.288, 'epoch': 4.0}
2025-11-16 01:06:31,705 - Epoch 5.0: {'eval_loss': 1.0559972524642944, 'eval_accuracy': 0.5852842809364549, 'eval_f1': 0.6560710731698632, 'eval_precision': 0.8044165609502941, 'eval_recall': 0.5852842809364549, 'eval_runtime': 1.2633, 'eval_samples_per_second': 236.682, 'eval_steps_per_second': 2.375, 'epoch': 5.0}
2025-11-16 01:06:48,522 - Epoch 6.0: {'eval_loss': 1.206982970237732, 'eval_accuracy': 0.5953177257525084, 'eval_f1': 0.6643743282883667, 'eval_precision': 0.8110913490436632, 'eval_recall': 0.5953177257525084, 'eval_runtime': 1.1969, 'eval_samples_per_second': 249.814, 'eval_steps_per_second': 2.506, 'epoch': 6.0}
2025-11-16 01:06:56,287 - Fold 4 Best F1: 0.6908958334499921
2025-11-16 01:07:06,722 - Epoch 1.0: {'eval_loss': 0.693777859210968, 'eval_accuracy': 0.45819397993311034, 'eval_f1': 0.5344811047286221, 'eval_precision': 0.8285642343097649, 'eval_recall': 0.45819397993311034, 'eval_runtime': 1.14, 'eval_samples_per_second': 262.287, 'eval_steps_per_second': 2.632, 'epoch': 1.0}
2025-11-16 01:07:23,261 - Epoch 2.0: {'eval_loss': 0.6845229864120483, 'eval_accuracy': 0.8160535117056856, 'eval_f1': 0.8259837956970815, 'eval_precision': 0.8381215938919905, 'eval_recall': 0.8160535117056856, 'eval_runtime': 1.0904, 'eval_samples_per_second': 274.219, 'eval_steps_per_second': 2.751, 'epoch': 2.0}
2025-11-16 01:07:39,500 - Epoch 3.0: {'eval_loss': 0.6865881681442261, 'eval_accuracy': 0.5719063545150501, 'eval_f1': 0.6447693521193054, 'eval_precision': 0.8113347599162712, 'eval_recall': 0.5719063545150501, 'eval_runtime': 1.0992, 'eval_samples_per_second': 272.02, 'eval_steps_per_second': 2.729, 'epoch': 3.0}
2025-11-16 01:07:57,626 - Epoch 4.0: {'eval_loss': 0.6230371594429016, 'eval_accuracy': 0.6120401337792643, 'eval_f1': 0.6774159898072942, 'eval_precision': 0.8006499286644255, 'eval_recall': 0.6120401337792641, 'eval_runtime': 1.3818, 'eval_samples_per_second': 216.392, 'eval_steps_per_second': 2.171, 'epoch': 4.0}
2025-11-16 01:08:15,110 - Epoch 5.0: {'eval_loss': 0.7516639232635498, 'eval_accuracy': 0.5919732441471572, 'eval_f1': 0.6614880441517756, 'eval_precision': 0.8011298999885401, 'eval_recall': 0.5919732441471572, 'eval_runtime': 1.2127, 'eval_samples_per_second': 246.564, 'eval_steps_per_second': 2.474, 'epoch': 5.0}
2025-11-16 01:08:21,826 - Fold 5 Best F1: 0.8259837956970815
2025-11-16 01:08:21,826 - CV Average Best F1: 0.7800493228876444
2025-11-16 01:08:43,184 - Epoch 1.0: {'eval_loss': 0.6934887766838074, 'eval_accuracy': 0.46253746253746253, 'eval_f1': 0.46648694578680827, 'eval_precision': 0.47720767854899593, 'eval_recall': 0.46253746253746253, 'eval_runtime': 7.8709, 'eval_samples_per_second': 254.355, 'eval_steps_per_second': 2.033, 'epoch': 1.0}
2025-11-16 01:09:10,489 - Epoch 2.0: {'eval_loss': 0.7017903923988342, 'eval_accuracy': 0.4145854145854146, 'eval_f1': 0.24301263708043366, 'eval_precision': 0.1718810659869601, 'eval_recall': 0.4145854145854146, 'eval_runtime': 8.1604, 'eval_samples_per_second': 245.33, 'eval_steps_per_second': 1.961, 'epoch': 2.0}
2025-11-16 01:09:37,030 - Epoch 3.0: {'eval_loss': 0.7330229878425598, 'eval_accuracy': 0.42157842157842157, 'eval_f1': 0.38680391322152907, 'eval_precision': 0.4634884843592642, 'eval_recall': 0.42157842157842157, 'eval_runtime': 7.8894, 'eval_samples_per_second': 253.758, 'eval_steps_per_second': 2.028, 'epoch': 3.0}
2025-11-16 01:10:03,033 - Epoch 4.0: {'eval_loss': 1.229436993598938, 'eval_accuracy': 0.4230769230769231, 'eval_f1': 0.38823409728378555, 'eval_precision': 0.46574897578211466, 'eval_recall': 0.4230769230769231, 'eval_runtime': 8.0396, 'eval_samples_per_second': 249.016, 'eval_steps_per_second': 1.99, 'epoch': 4.0}
2025-11-16 01:10:13,160 - Final Classification Report for ClariQ:
               precision    recall  f1-score   support

not ambiguous       0.24      0.22      0.23        37
    ambiguous       0.89      0.90      0.90       262

     accuracy                           0.82       299
    macro avg       0.57      0.56      0.56       299
 weighted avg       0.81      0.82      0.81       299

2025-11-16 01:10:13,160 - Final Validation Accuracy: 0.8193979933110368
2025-11-16 01:10:13,160 - Inference Time: 1.2875690460205078 seconds
2025-11-16 01:10:13,160 - Average Inference Time per Sample: 0.0043062509900351435 seconds
2025-11-16 01:10:21,264 - Final Classification Report for AmbigNQ:
               precision    recall  f1-score   support

not ambiguous       0.38      0.46      0.41       830
    ambiguous       0.55      0.47      0.50      1172

     accuracy                           0.46      2002
    macro avg       0.46      0.46      0.46      2002
 weighted avg       0.48      0.46      0.47      2002

2025-11-16 01:10:21,264 - Final Validation Accuracy: 0.46253746253746253
2025-11-16 01:10:21,264 - Inference Time: 8.09914517402649 seconds
2025-11-16 01:10:21,264 - Average Inference Time per Sample: 0.004045527059953292 seconds
